 Container sprint-boot-with-virtual-threads-api2-1  Running
 Container sprint-boot-with-virtual-threads-api1-1  Running

         /\      Grafana   /‾‾/  
    /\  /  \     |\  __   /  /   
   /  \/    \    | |/ /  /   ‾‾\ 
  /          \   |   (  |  (‾)  |
 / __________ \  |_|\_\  \_____/ 


     execution: local
        script: /scripts/script.js
        output: -

     scenarios: (100.00%) 1 scenario, 500 max VUs, 2m45s max duration (incl. graceful stop):
              * ramping: Up to 500 looping VUs for 2m40s over 7 stages (gracefulRampDown: 5s, gracefulStop: 30s)


running (0m01.0s), 004/500 VUs, 6 complete and 0 interrupted iterations
ramping   [   1% ] 004/500 VUs  0m01.0s/2m40.0s

running (0m02.0s), 009/500 VUs, 36 complete and 0 interrupted iterations
ramping   [   1% ] 009/500 VUs  0m02.0s/2m40.0s

running (0m03.0s), 014/500 VUs, 91 complete and 0 interrupted iterations
ramping   [   2% ] 014/500 VUs  0m03.0s/2m40.0s

running (0m04.0s), 019/500 VUs, 171 complete and 0 interrupted iterations
ramping   [   2% ] 019/500 VUs  0m04.0s/2m40.0s

running (0m05.0s), 024/500 VUs, 276 complete and 0 interrupted iterations
ramping   [   3% ] 024/500 VUs  0m05.0s/2m40.0s

running (0m06.0s), 029/500 VUs, 406 complete and 0 interrupted iterations
ramping   [   4% ] 029/500 VUs  0m06.0s/2m40.0s

running (0m07.0s), 034/500 VUs, 561 complete and 0 interrupted iterations
ramping   [   4% ] 034/500 VUs  0m07.0s/2m40.0s

running (0m08.0s), 039/500 VUs, 741 complete and 0 interrupted iterations
ramping   [   5% ] 039/500 VUs  0m08.0s/2m40.0s

running (0m09.0s), 044/500 VUs, 946 complete and 0 interrupted iterations
ramping   [   6% ] 044/500 VUs  0m09.0s/2m40.0s

running (0m10.0s), 049/500 VUs, 1176 complete and 0 interrupted iterations
ramping   [   6% ] 049/500 VUs  0m10.0s/2m40.0s

running (0m11.0s), 054/500 VUs, 1419 complete and 0 interrupted iterations
ramping   [   7% ] 054/500 VUs  0m11.0s/2m40.0s

running (0m12.0s), 059/500 VUs, 1699 complete and 0 interrupted iterations
ramping   [   7% ] 059/500 VUs  0m12.0s/2m40.0s

running (0m13.0s), 064/500 VUs, 2004 complete and 0 interrupted iterations
ramping   [   8% ] 064/500 VUs  0m13.0s/2m40.0s

running (0m14.0s), 069/500 VUs, 2334 complete and 0 interrupted iterations
ramping   [   9% ] 069/500 VUs  0m14.0s/2m40.0s

running (0m15.0s), 074/500 VUs, 2681 complete and 0 interrupted iterations
ramping   [   9% ] 074/500 VUs  0m15.0s/2m40.0s

running (0m16.0s), 079/500 VUs, 3061 complete and 0 interrupted iterations
ramping   [  10% ] 079/500 VUs  0m16.0s/2m40.0s

running (0m17.0s), 084/500 VUs, 3463 complete and 0 interrupted iterations
ramping   [  11% ] 084/500 VUs  0m17.0s/2m40.0s

running (0m18.0s), 089/500 VUs, 3893 complete and 0 interrupted iterations
ramping   [  11% ] 089/500 VUs  0m18.0s/2m40.0s

running (0m19.0s), 094/500 VUs, 4348 complete and 0 interrupted iterations
ramping   [  12% ] 094/500 VUs  0m19.0s/2m40.0s

running (0m20.0s), 099/500 VUs, 4828 complete and 0 interrupted iterations
ramping   [  12% ] 099/500 VUs  0m20.0s/2m40.0s

running (0m21.0s), 100/500 VUs, 5300 complete and 0 interrupted iterations
ramping   [  13% ] 100/500 VUs  0m21.0s/2m40.0s

running (0m22.0s), 100/500 VUs, 5795 complete and 0 interrupted iterations
ramping   [  14% ] 100/500 VUs  0m22.0s/2m40.0s

running (0m23.0s), 100/500 VUs, 6295 complete and 0 interrupted iterations
ramping   [  14% ] 100/500 VUs  0m23.0s/2m40.0s

running (0m24.0s), 100/500 VUs, 6785 complete and 0 interrupted iterations
ramping   [  15% ] 100/500 VUs  0m24.0s/2m40.0s

running (0m25.0s), 100/500 VUs, 7285 complete and 0 interrupted iterations
ramping   [  16% ] 100/500 VUs  0m25.0s/2m40.0s

running (0m26.0s), 100/500 VUs, 7785 complete and 0 interrupted iterations
ramping   [  16% ] 100/500 VUs  0m26.0s/2m40.0s

running (0m27.0s), 100/500 VUs, 8285 complete and 0 interrupted iterations
ramping   [  17% ] 100/500 VUs  0m27.0s/2m40.0s

running (0m28.0s), 100/500 VUs, 8785 complete and 0 interrupted iterations
ramping   [  17% ] 100/500 VUs  0m28.0s/2m40.0s

running (0m29.0s), 100/500 VUs, 9285 complete and 0 interrupted iterations
ramping   [  18% ] 100/500 VUs  0m29.0s/2m40.0s

running (0m30.0s), 100/500 VUs, 9769 complete and 0 interrupted iterations
ramping   [  19% ] 100/500 VUs  0m30.0s/2m40.0s

running (0m31.0s), 100/500 VUs, 10269 complete and 0 interrupted iterations
ramping   [  19% ] 100/500 VUs  0m31.0s/2m40.0s

running (0m32.0s), 100/500 VUs, 10745 complete and 0 interrupted iterations
ramping   [  20% ] 100/500 VUs  0m32.0s/2m40.0s

running (0m33.0s), 100/500 VUs, 11245 complete and 0 interrupted iterations
ramping   [  21% ] 100/500 VUs  0m33.0s/2m40.0s

running (0m34.0s), 100/500 VUs, 11745 complete and 0 interrupted iterations
ramping   [  21% ] 100/500 VUs  0m34.0s/2m40.0s

running (0m35.0s), 100/500 VUs, 12227 complete and 0 interrupted iterations
ramping   [  22% ] 100/500 VUs  0m35.0s/2m40.0s

running (0m36.0s), 100/500 VUs, 12727 complete and 0 interrupted iterations
ramping   [  22% ] 100/500 VUs  0m36.0s/2m40.0s

running (0m37.0s), 100/500 VUs, 13227 complete and 0 interrupted iterations
ramping   [  23% ] 100/500 VUs  0m37.0s/2m40.0s

running (0m38.0s), 100/500 VUs, 13724 complete and 0 interrupted iterations
ramping   [  24% ] 100/500 VUs  0m38.0s/2m40.0s

running (0m39.0s), 100/500 VUs, 14219 complete and 0 interrupted iterations
ramping   [  24% ] 100/500 VUs  0m39.0s/2m40.0s

running (0m40.0s), 100/500 VUs, 14719 complete and 0 interrupted iterations
ramping   [  25% ] 100/500 VUs  0m40.0s/2m40.0s

running (0m41.0s), 100/500 VUs, 15201 complete and 0 interrupted iterations
ramping   [  26% ] 100/500 VUs  0m41.0s/2m40.0s

running (0m42.0s), 100/500 VUs, 15695 complete and 0 interrupted iterations
ramping   [  26% ] 100/500 VUs  0m42.0s/2m40.0s

running (0m43.0s), 100/500 VUs, 16195 complete and 0 interrupted iterations
ramping   [  27% ] 100/500 VUs  0m43.0s/2m40.0s

running (0m44.0s), 100/500 VUs, 16695 complete and 0 interrupted iterations
ramping   [  27% ] 100/500 VUs  0m44.0s/2m40.0s

running (0m45.0s), 100/500 VUs, 17185 complete and 0 interrupted iterations
ramping   [  28% ] 100/500 VUs  0m45.0s/2m40.0s

running (0m46.0s), 100/500 VUs, 17685 complete and 0 interrupted iterations
ramping   [  29% ] 100/500 VUs  0m46.0s/2m40.0s

running (0m47.0s), 100/500 VUs, 18185 complete and 0 interrupted iterations
ramping   [  29% ] 100/500 VUs  0m47.0s/2m40.0s

running (0m48.0s), 100/500 VUs, 18685 complete and 0 interrupted iterations
ramping   [  30% ] 100/500 VUs  0m48.0s/2m40.0s

running (0m49.0s), 100/500 VUs, 19169 complete and 0 interrupted iterations
ramping   [  31% ] 100/500 VUs  0m49.0s/2m40.0s

running (0m50.0s), 100/500 VUs, 19669 complete and 0 interrupted iterations
ramping   [  31% ] 100/500 VUs  0m50.0s/2m40.0s

running (0m51.0s), 109/500 VUs, 20185 complete and 0 interrupted iterations
ramping   [  32% ] 109/500 VUs  0m51.0s/2m40.0s

running (0m52.0s), 119/500 VUs, 20750 complete and 0 interrupted iterations
ramping   [  32% ] 119/500 VUs  0m52.0s/2m40.0s

running (0m53.0s), 129/500 VUs, 21341 complete and 0 interrupted iterations
ramping   [  33% ] 129/500 VUs  0m53.0s/2m40.0s

running (0m54.0s), 139/500 VUs, 22006 complete and 0 interrupted iterations
ramping   [  34% ] 139/500 VUs  0m54.0s/2m40.0s

running (0m55.0s), 149/500 VUs, 22719 complete and 0 interrupted iterations
ramping   [  34% ] 149/500 VUs  0m55.0s/2m40.0s

running (0m56.0s), 159/500 VUs, 23484 complete and 0 interrupted iterations
ramping   [  35% ] 159/500 VUs  0m56.0s/2m40.0s

running (0m57.0s), 169/500 VUs, 24299 complete and 0 interrupted iterations
ramping   [  36% ] 169/500 VUs  0m57.0s/2m40.0s

running (0m58.0s), 179/500 VUs, 25146 complete and 0 interrupted iterations
ramping   [  36% ] 179/500 VUs  0m58.0s/2m40.0s

running (0m59.0s), 189/500 VUs, 26048 complete and 0 interrupted iterations
ramping   [  37% ] 189/500 VUs  0m59.0s/2m40.0s

running (1m00.0s), 199/500 VUs, 27004 complete and 0 interrupted iterations
ramping   [  37% ] 199/500 VUs  1m00.0s/2m40.0s

running (1m01.0s), 209/500 VUs, 28003 complete and 0 interrupted iterations
ramping   [  38% ] 209/500 VUs  1m01.0s/2m40.0s

running (1m02.0s), 219/500 VUs, 28977 complete and 0 interrupted iterations
ramping   [  39% ] 219/500 VUs  1m02.0s/2m40.0s

running (1m03.0s), 229/500 VUs, 29977 complete and 0 interrupted iterations
ramping   [  39% ] 229/500 VUs  1m03.0s/2m40.0s

running (1m04.0s), 239/500 VUs, 30977 complete and 0 interrupted iterations
ramping   [  40% ] 239/500 VUs  1m04.0s/2m40.0s

running (1m05.0s), 249/500 VUs, 31959 complete and 0 interrupted iterations
ramping   [  41% ] 249/500 VUs  1m05.0s/2m40.0s

running (1m06.0s), 259/500 VUs, 32952 complete and 0 interrupted iterations
ramping   [  41% ] 259/500 VUs  1m06.0s/2m40.0s

running (1m07.0s), 269/500 VUs, 33949 complete and 0 interrupted iterations
ramping   [  42% ] 269/500 VUs  1m07.0s/2m40.0s

running (1m08.0s), 279/500 VUs, 34949 complete and 0 interrupted iterations
ramping   [  42% ] 279/500 VUs  1m08.0s/2m40.0s

running (1m09.0s), 289/500 VUs, 35935 complete and 0 interrupted iterations
ramping   [  43% ] 289/500 VUs  1m09.0s/2m40.0s

running (1m10.0s), 299/500 VUs, 36935 complete and 0 interrupted iterations
ramping   [  44% ] 299/500 VUs  1m10.0s/2m40.0s

running (1m11.0s), 300/500 VUs, 37935 complete and 0 interrupted iterations
ramping   [  44% ] 300/500 VUs  1m11.0s/2m40.0s

running (1m12.0s), 300/500 VUs, 38935 complete and 0 interrupted iterations
ramping   [  45% ] 300/500 VUs  1m12.0s/2m40.0s

running (1m13.0s), 300/500 VUs, 39922 complete and 0 interrupted iterations
ramping   [  46% ] 300/500 VUs  1m13.0s/2m40.0s

running (1m14.0s), 300/500 VUs, 40922 complete and 0 interrupted iterations
ramping   [  46% ] 300/500 VUs  1m14.0s/2m40.0s

running (1m15.0s), 300/500 VUs, 41922 complete and 0 interrupted iterations
ramping   [  47% ] 300/500 VUs  1m15.0s/2m40.0s

running (1m16.0s), 300/500 VUs, 42902 complete and 0 interrupted iterations
ramping   [  47% ] 300/500 VUs  1m16.0s/2m40.0s

running (1m17.0s), 300/500 VUs, 43902 complete and 0 interrupted iterations
ramping   [  48% ] 300/500 VUs  1m17.0s/2m40.0s

running (1m18.0s), 300/500 VUs, 44902 complete and 0 interrupted iterations
ramping   [  49% ] 300/500 VUs  1m18.0s/2m40.0s

running (1m19.0s), 300/500 VUs, 45902 complete and 0 interrupted iterations
ramping   [  49% ] 300/500 VUs  1m19.0s/2m40.0s

running (1m20.0s), 300/500 VUs, 46889 complete and 0 interrupted iterations
ramping   [  50% ] 300/500 VUs  1m20.0s/2m40.0s

running (1m21.0s), 300/500 VUs, 47861 complete and 0 interrupted iterations
ramping   [  51% ] 300/500 VUs  1m21.0s/2m40.0s

running (1m22.0s), 300/500 VUs, 48847 complete and 0 interrupted iterations
ramping   [  51% ] 300/500 VUs  1m22.0s/2m40.0s

running (1m23.0s), 300/500 VUs, 49834 complete and 0 interrupted iterations
ramping   [  52% ] 300/500 VUs  1m23.0s/2m40.0s

running (1m24.0s), 300/500 VUs, 50818 complete and 0 interrupted iterations
ramping   [  52% ] 300/500 VUs  1m24.0s/2m40.0s

running (1m25.0s), 300/500 VUs, 51811 complete and 0 interrupted iterations
ramping   [  53% ] 300/500 VUs  1m25.0s/2m40.0s

running (1m26.0s), 300/500 VUs, 52809 complete and 0 interrupted iterations
ramping   [  54% ] 300/500 VUs  1m26.0s/2m40.0s

running (1m27.0s), 300/500 VUs, 53777 complete and 0 interrupted iterations
ramping   [  54% ] 300/500 VUs  1m27.0s/2m40.0s

running (1m28.0s), 300/500 VUs, 54777 complete and 0 interrupted iterations
ramping   [  55% ] 300/500 VUs  1m28.0s/2m40.0s

running (1m29.0s), 300/500 VUs, 55777 complete and 0 interrupted iterations
ramping   [  56% ] 300/500 VUs  1m29.0s/2m40.0s

running (1m30.0s), 300/500 VUs, 56762 complete and 0 interrupted iterations
ramping   [  56% ] 300/500 VUs  1m30.0s/2m40.0s

running (1m31.0s), 300/500 VUs, 57762 complete and 0 interrupted iterations
ramping   [  57% ] 300/500 VUs  1m31.0s/2m40.0s

running (1m32.0s), 300/500 VUs, 58762 complete and 0 interrupted iterations
ramping   [  57% ] 300/500 VUs  1m32.0s/2m40.0s

running (1m33.0s), 300/500 VUs, 59749 complete and 0 interrupted iterations
ramping   [  58% ] 300/500 VUs  1m33.0s/2m40.0s

running (1m34.0s), 300/500 VUs, 60749 complete and 0 interrupted iterations
ramping   [  59% ] 300/500 VUs  1m34.0s/2m40.0s

running (1m35.0s), 300/500 VUs, 61735 complete and 0 interrupted iterations
ramping   [  59% ] 300/500 VUs  1m35.0s/2m40.0s

running (1m36.0s), 300/500 VUs, 62735 complete and 0 interrupted iterations
ramping   [  60% ] 300/500 VUs  1m36.0s/2m40.0s

running (1m37.0s), 300/500 VUs, 63735 complete and 0 interrupted iterations
ramping   [  61% ] 300/500 VUs  1m37.0s/2m40.0s

running (1m38.0s), 300/500 VUs, 64735 complete and 0 interrupted iterations
ramping   [  61% ] 300/500 VUs  1m38.0s/2m40.0s

running (1m39.0s), 300/500 VUs, 65722 complete and 0 interrupted iterations
ramping   [  62% ] 300/500 VUs  1m39.0s/2m40.0s

running (1m40.0s), 300/500 VUs, 66722 complete and 0 interrupted iterations
ramping   [  62% ] 300/500 VUs  1m40.0s/2m40.0s

running (1m41.0s), 309/500 VUs, 67722 complete and 0 interrupted iterations
ramping   [  63% ] 309/500 VUs  1m41.0s/2m40.0s

running (1m42.0s), 319/500 VUs, 68722 complete and 0 interrupted iterations
ramping   [  64% ] 319/500 VUs  1m42.0s/2m40.0s

running (1m43.0s), 329/500 VUs, 69708 complete and 0 interrupted iterations
ramping   [  64% ] 329/500 VUs  1m43.0s/2m40.0s

running (1m44.0s), 339/500 VUs, 70702 complete and 0 interrupted iterations
ramping   [  65% ] 339/500 VUs  1m44.0s/2m40.0s

running (1m45.0s), 349/500 VUs, 71687 complete and 0 interrupted iterations
ramping   [  66% ] 349/500 VUs  1m45.0s/2m40.0s

running (1m46.0s), 359/500 VUs, 72687 complete and 0 interrupted iterations
ramping   [  66% ] 359/500 VUs  1m46.0s/2m40.0s

running (1m47.0s), 369/500 VUs, 73687 complete and 0 interrupted iterations
ramping   [  67% ] 369/500 VUs  1m47.0s/2m40.0s

running (1m48.0s), 379/500 VUs, 74665 complete and 0 interrupted iterations
ramping   [  67% ] 379/500 VUs  1m48.0s/2m40.0s

running (1m49.0s), 389/500 VUs, 75663 complete and 0 interrupted iterations
ramping   [  68% ] 389/500 VUs  1m49.0s/2m40.0s

running (1m50.0s), 399/500 VUs, 76634 complete and 0 interrupted iterations
ramping   [  69% ] 399/500 VUs  1m50.0s/2m40.0s

running (1m51.0s), 409/500 VUs, 77612 complete and 0 interrupted iterations
ramping   [  69% ] 409/500 VUs  1m51.0s/2m40.0s

running (1m52.0s), 419/500 VUs, 78577 complete and 0 interrupted iterations
ramping   [  70% ] 419/500 VUs  1m52.0s/2m40.0s

running (1m53.0s), 429/500 VUs, 79577 complete and 0 interrupted iterations
ramping   [  71% ] 429/500 VUs  1m53.0s/2m40.0s

running (1m54.0s), 439/500 VUs, 80577 complete and 0 interrupted iterations
ramping   [  71% ] 439/500 VUs  1m54.0s/2m40.0s

running (1m55.0s), 449/500 VUs, 81562 complete and 0 interrupted iterations
ramping   [  72% ] 449/500 VUs  1m55.0s/2m40.0s

running (1m56.0s), 459/500 VUs, 82562 complete and 0 interrupted iterations
ramping   [  72% ] 459/500 VUs  1m56.0s/2m40.0s

running (1m57.0s), 469/500 VUs, 83562 complete and 0 interrupted iterations
ramping   [  73% ] 469/500 VUs  1m57.0s/2m40.0s

running (1m58.0s), 479/500 VUs, 84562 complete and 0 interrupted iterations
ramping   [  74% ] 479/500 VUs  1m58.0s/2m40.0s

running (1m59.0s), 489/500 VUs, 85562 complete and 0 interrupted iterations
ramping   [  74% ] 489/500 VUs  1m59.0s/2m40.0s

running (2m00.0s), 499/500 VUs, 86549 complete and 0 interrupted iterations
ramping   [  75% ] 499/500 VUs  2m00.0s/2m40.0s

running (2m01.0s), 500/500 VUs, 87549 complete and 0 interrupted iterations
ramping   [  76% ] 500/500 VUs  2m01.0s/2m40.0s

running (2m02.0s), 500/500 VUs, 88549 complete and 0 interrupted iterations
ramping   [  76% ] 500/500 VUs  2m02.0s/2m40.0s

running (2m03.0s), 500/500 VUs, 89544 complete and 0 interrupted iterations
ramping   [  77% ] 500/500 VUs  2m03.0s/2m40.0s

running (2m04.0s), 500/500 VUs, 90535 complete and 0 interrupted iterations
ramping   [  77% ] 500/500 VUs  2m04.0s/2m40.0s

running (2m05.0s), 500/500 VUs, 91535 complete and 0 interrupted iterations
ramping   [  78% ] 500/500 VUs  2m05.0s/2m40.0s

running (2m06.0s), 500/500 VUs, 92522 complete and 0 interrupted iterations
ramping   [  79% ] 500/500 VUs  2m06.0s/2m40.0s

running (2m07.0s), 500/500 VUs, 93522 complete and 0 interrupted iterations
ramping   [  79% ] 500/500 VUs  2m07.0s/2m40.0s

running (2m08.0s), 500/500 VUs, 94522 complete and 0 interrupted iterations
ramping   [  80% ] 500/500 VUs  2m08.0s/2m40.0s

running (2m09.0s), 500/500 VUs, 95513 complete and 0 interrupted iterations
ramping   [  81% ] 500/500 VUs  2m09.0s/2m40.0s

running (2m10.0s), 500/500 VUs, 96513 complete and 0 interrupted iterations
ramping   [  81% ] 500/500 VUs  2m10.0s/2m40.0s

running (2m11.0s), 500/500 VUs, 97511 complete and 0 interrupted iterations
ramping   [  82% ] 500/500 VUs  2m11.0s/2m40.0s

running (2m12.0s), 500/500 VUs, 98488 complete and 0 interrupted iterations
ramping   [  82% ] 500/500 VUs  2m12.0s/2m40.0s

running (2m13.0s), 500/500 VUs, 99487 complete and 0 interrupted iterations
ramping   [  83% ] 500/500 VUs  2m13.0s/2m40.0s

running (2m14.0s), 500/500 VUs, 100487 complete and 0 interrupted iterations
ramping   [  84% ] 500/500 VUs  2m14.0s/2m40.0s

running (2m15.0s), 500/500 VUs, 101465 complete and 0 interrupted iterations
ramping   [  84% ] 500/500 VUs  2m15.0s/2m40.0s

running (2m16.0s), 500/500 VUs, 102465 complete and 0 interrupted iterations
ramping   [  85% ] 500/500 VUs  2m16.0s/2m40.0s

running (2m17.0s), 500/500 VUs, 103443 complete and 0 interrupted iterations
ramping   [  86% ] 500/500 VUs  2m17.0s/2m40.0s

running (2m18.0s), 500/500 VUs, 104439 complete and 0 interrupted iterations
ramping   [  86% ] 500/500 VUs  2m18.0s/2m40.0s

running (2m19.0s), 500/500 VUs, 105432 complete and 0 interrupted iterations
ramping   [  87% ] 500/500 VUs  2m19.0s/2m40.0s

running (2m20.0s), 500/500 VUs, 106377 complete and 0 interrupted iterations
ramping   [  87% ] 500/500 VUs  2m20.0s/2m40.0s

running (2m21.0s), 500/500 VUs, 107377 complete and 0 interrupted iterations
ramping   [  88% ] 500/500 VUs  2m21.0s/2m40.0s

running (2m22.0s), 500/500 VUs, 108377 complete and 0 interrupted iterations
ramping   [  89% ] 500/500 VUs  2m22.0s/2m40.0s

running (2m23.0s), 500/500 VUs, 109377 complete and 0 interrupted iterations
ramping   [  89% ] 500/500 VUs  2m23.0s/2m40.0s

running (2m24.0s), 500/500 VUs, 110377 complete and 0 interrupted iterations
ramping   [  90% ] 500/500 VUs  2m24.0s/2m40.0s

running (2m25.0s), 500/500 VUs, 111362 complete and 0 interrupted iterations
ramping   [  91% ] 500/500 VUs  2m25.0s/2m40.0s

running (2m26.0s), 500/500 VUs, 112362 complete and 0 interrupted iterations
ramping   [  91% ] 500/500 VUs  2m26.0s/2m40.0s

running (2m27.0s), 500/500 VUs, 113362 complete and 0 interrupted iterations
ramping   [  92% ] 500/500 VUs  2m27.0s/2m40.0s

running (2m28.0s), 500/500 VUs, 114362 complete and 0 interrupted iterations
ramping   [  92% ] 500/500 VUs  2m28.0s/2m40.0s

running (2m29.0s), 500/500 VUs, 115349 complete and 0 interrupted iterations
ramping   [  93% ] 500/500 VUs  2m29.0s/2m40.0s

running (2m29.9s), 500/500 VUs, 116349 complete and 0 interrupted iterations
ramping   [  94% ] 500/500 VUs  2m30.0s/2m40.0s

running (2m31.0s), 467/500 VUs, 117349 complete and 0 interrupted iterations
ramping   [  94% ] 467/500 VUs  2m31.0s/2m40.0s

running (2m31.9s), 418/500 VUs, 118335 complete and 0 interrupted iterations
ramping   [  95% ] 418/500 VUs  2m32.0s/2m40.0s

running (2m33.0s), 361/500 VUs, 119335 complete and 0 interrupted iterations
ramping   [  96% ] 361/500 VUs  2m33.0s/2m40.0s

running (2m34.0s), 313/500 VUs, 120335 complete and 0 interrupted iterations
ramping   [  96% ] 313/500 VUs  2m34.0s/2m40.0s

running (2m34.9s), 261/500 VUs, 121335 complete and 0 interrupted iterations
ramping   [  97% ] 261/500 VUs  2m35.0s/2m40.0s

running (2m35.9s), 208/500 VUs, 122328 complete and 0 interrupted iterations
ramping   [  97% ] 208/500 VUs  2m36.0s/2m40.0s

running (2m36.9s), 159/500 VUs, 123236 complete and 0 interrupted iterations
ramping   [  98% ] 159/500 VUs  2m37.0s/2m40.0s

running (2m37.9s), 107/500 VUs, 123921 complete and 0 interrupted iterations
ramping   [  99% ] 107/500 VUs  2m38.0s/2m40.0s

running (2m39.0s), 055/500 VUs, 124353 complete and 0 interrupted iterations
ramping   [  99% ] 055/500 VUs  2m39.0s/2m40.0s

running (2m39.9s), 007/500 VUs, 124534 complete and 0 interrupted iterations
ramping   [ 100% ] 007/500 VUs  2m40.0s/2m40.0s


  █ THRESHOLDS 

    http_req_failed
    ✓ 'rate<0.05' rate=0.00%


  █ TOTAL RESULTS 

    checks_total.......: 124541  778.070375/s
    checks_succeeded...: 100.00% 124541 out of 124541
    checks_failed......: 0.00%   0 out of 124541

    ✓ status is 200

    HTTP
    http_req_duration..............: avg=341.52ms min=199.41ms med=318.99ms max=569.81ms p(90)=518.28ms p(95)=538.41ms
      { expected_response:true }...: avg=341.52ms min=199.41ms med=318.99ms max=569.81ms p(90)=518.28ms p(95)=538.41ms
    http_req_failed................: 0.00%  0 out of 124541
    http_reqs......................: 124541 778.070375/s

    EXECUTION
    iteration_duration.............: avg=341.64ms min=200.78ms med=319.16ms max=569.89ms p(90)=518.37ms p(95)=538.52ms
    iterations.....................: 124541 778.070375/s
    vus............................: 7      min=4           max=500
    vus_max........................: 500    min=500         max=500

    NETWORK
    data_received..................: 18 MB  110 kB/s
    data_sent......................: 8.6 MB 54 kB/s




running (2m40.1s), 000/500 VUs, 124541 complete and 0 interrupted iterations
ramping ✓ [ 100% ] 000/500 VUs  2m40s
