 Container sprint-boot-with-virtual-threads-api2-1  Running
 Container sprint-boot-with-virtual-threads-api1-1  Running

         /\      Grafana   /‾‾/  
    /\  /  \     |\  __   /  /   
   /  \/    \    | |/ /  /   ‾‾\ 
  /          \   |   (  |  (‾)  |
 / __________ \  |_|\_\  \_____/ 


     execution: local
        script: /scripts/script.js
        output: -

     scenarios: (100.00%) 1 scenario, 500 max VUs, 2m45s max duration (incl. graceful stop):
              * ramping: Up to 500 looping VUs for 2m40s over 7 stages (gracefulRampDown: 5s, gracefulStop: 30s)


running (0m01.0s), 004/500 VUs, 6 complete and 0 interrupted iterations
ramping   [   1% ] 004/500 VUs  0m01.0s/2m40.0s

running (0m02.0s), 009/500 VUs, 36 complete and 0 interrupted iterations
ramping   [   1% ] 009/500 VUs  0m02.0s/2m40.0s

running (0m03.0s), 014/500 VUs, 91 complete and 0 interrupted iterations
ramping   [   2% ] 014/500 VUs  0m03.0s/2m40.0s

running (0m04.0s), 019/500 VUs, 171 complete and 0 interrupted iterations
ramping   [   2% ] 019/500 VUs  0m04.0s/2m40.0s

running (0m05.0s), 024/500 VUs, 276 complete and 0 interrupted iterations
ramping   [   3% ] 024/500 VUs  0m05.0s/2m40.0s

running (0m06.0s), 029/500 VUs, 406 complete and 0 interrupted iterations
ramping   [   4% ] 029/500 VUs  0m06.0s/2m40.0s

running (0m07.0s), 034/500 VUs, 561 complete and 0 interrupted iterations
ramping   [   4% ] 034/500 VUs  0m07.0s/2m40.0s

running (0m08.0s), 039/500 VUs, 741 complete and 0 interrupted iterations
ramping   [   5% ] 039/500 VUs  0m08.0s/2m40.0s

running (0m09.0s), 044/500 VUs, 946 complete and 0 interrupted iterations
ramping   [   6% ] 044/500 VUs  0m09.0s/2m40.0s

running (0m10.0s), 049/500 VUs, 1171 complete and 0 interrupted iterations
ramping   [   6% ] 049/500 VUs  0m10.0s/2m40.0s

running (0m11.0s), 054/500 VUs, 1426 complete and 0 interrupted iterations
ramping   [   7% ] 054/500 VUs  0m11.0s/2m40.0s

running (0m12.0s), 059/500 VUs, 1706 complete and 0 interrupted iterations
ramping   [   7% ] 059/500 VUs  0m12.0s/2m40.0s

running (0m13.0s), 064/500 VUs, 2005 complete and 0 interrupted iterations
ramping   [   8% ] 064/500 VUs  0m13.0s/2m40.0s

running (0m14.0s), 069/500 VUs, 2332 complete and 0 interrupted iterations
ramping   [   9% ] 069/500 VUs  0m14.0s/2m40.0s

running (0m15.0s), 074/500 VUs, 2687 complete and 0 interrupted iterations
ramping   [   9% ] 074/500 VUs  0m15.0s/2m40.0s

running (0m16.0s), 079/500 VUs, 3067 complete and 0 interrupted iterations
ramping   [  10% ] 079/500 VUs  0m16.0s/2m40.0s

running (0m17.0s), 084/500 VUs, 3462 complete and 0 interrupted iterations
ramping   [  11% ] 084/500 VUs  0m17.0s/2m40.0s

running (0m18.0s), 089/500 VUs, 3892 complete and 0 interrupted iterations
ramping   [  11% ] 089/500 VUs  0m18.0s/2m40.0s

running (0m19.0s), 094/500 VUs, 4338 complete and 0 interrupted iterations
ramping   [  12% ] 094/500 VUs  0m19.0s/2m40.0s

running (0m20.0s), 099/500 VUs, 4818 complete and 0 interrupted iterations
ramping   [  12% ] 099/500 VUs  0m20.0s/2m40.0s

running (0m21.0s), 100/500 VUs, 5312 complete and 0 interrupted iterations
ramping   [  13% ] 100/500 VUs  0m21.0s/2m40.0s

running (0m22.0s), 100/500 VUs, 5812 complete and 0 interrupted iterations
ramping   [  14% ] 100/500 VUs  0m22.0s/2m40.0s

running (0m23.0s), 100/500 VUs, 6300 complete and 0 interrupted iterations
ramping   [  14% ] 100/500 VUs  0m23.0s/2m40.0s

running (0m24.0s), 100/500 VUs, 6800 complete and 0 interrupted iterations
ramping   [  15% ] 100/500 VUs  0m24.0s/2m40.0s

running (0m25.0s), 100/500 VUs, 7300 complete and 0 interrupted iterations
ramping   [  16% ] 100/500 VUs  0m25.0s/2m40.0s

running (0m26.0s), 100/500 VUs, 7794 complete and 0 interrupted iterations
ramping   [  16% ] 100/500 VUs  0m26.0s/2m40.0s

running (0m27.0s), 100/500 VUs, 8294 complete and 0 interrupted iterations
ramping   [  17% ] 100/500 VUs  0m27.0s/2m40.0s

running (0m28.0s), 100/500 VUs, 8780 complete and 0 interrupted iterations
ramping   [  17% ] 100/500 VUs  0m28.0s/2m40.0s

running (0m29.0s), 100/500 VUs, 9280 complete and 0 interrupted iterations
ramping   [  18% ] 100/500 VUs  0m29.0s/2m40.0s

running (0m30.0s), 100/500 VUs, 9771 complete and 0 interrupted iterations
ramping   [  19% ] 100/500 VUs  0m30.0s/2m40.0s

running (0m31.0s), 100/500 VUs, 10252 complete and 0 interrupted iterations
ramping   [  19% ] 100/500 VUs  0m31.0s/2m40.0s

running (0m32.0s), 100/500 VUs, 10752 complete and 0 interrupted iterations
ramping   [  20% ] 100/500 VUs  0m32.0s/2m40.0s

running (0m33.0s), 100/500 VUs, 11252 complete and 0 interrupted iterations
ramping   [  21% ] 100/500 VUs  0m33.0s/2m40.0s

running (0m34.0s), 100/500 VUs, 11752 complete and 0 interrupted iterations
ramping   [  21% ] 100/500 VUs  0m34.0s/2m40.0s

running (0m35.0s), 100/500 VUs, 12250 complete and 0 interrupted iterations
ramping   [  22% ] 100/500 VUs  0m35.0s/2m40.0s

running (0m36.0s), 100/500 VUs, 12726 complete and 0 interrupted iterations
ramping   [  22% ] 100/500 VUs  0m36.0s/2m40.0s

running (0m37.0s), 100/500 VUs, 13226 complete and 0 interrupted iterations
ramping   [  23% ] 100/500 VUs  0m37.0s/2m40.0s

running (0m38.0s), 100/500 VUs, 13726 complete and 0 interrupted iterations
ramping   [  24% ] 100/500 VUs  0m38.0s/2m40.0s

running (0m39.0s), 100/500 VUs, 14212 complete and 0 interrupted iterations
ramping   [  24% ] 100/500 VUs  0m39.0s/2m40.0s

running (0m40.0s), 100/500 VUs, 14712 complete and 0 interrupted iterations
ramping   [  25% ] 100/500 VUs  0m40.0s/2m40.0s

running (0m41.0s), 100/500 VUs, 15212 complete and 0 interrupted iterations
ramping   [  26% ] 100/500 VUs  0m41.0s/2m40.0s

running (0m42.0s), 100/500 VUs, 15712 complete and 0 interrupted iterations
ramping   [  26% ] 100/500 VUs  0m42.0s/2m40.0s

running (0m43.0s), 100/500 VUs, 16200 complete and 0 interrupted iterations
ramping   [  27% ] 100/500 VUs  0m43.0s/2m40.0s

running (0m44.0s), 100/500 VUs, 16694 complete and 0 interrupted iterations
ramping   [  27% ] 100/500 VUs  0m44.0s/2m40.0s

running (0m45.0s), 100/500 VUs, 17194 complete and 0 interrupted iterations
ramping   [  28% ] 100/500 VUs  0m45.0s/2m40.0s

running (0m46.0s), 100/500 VUs, 17683 complete and 0 interrupted iterations
ramping   [  29% ] 100/500 VUs  0m46.0s/2m40.0s

running (0m47.0s), 100/500 VUs, 18183 complete and 0 interrupted iterations
ramping   [  29% ] 100/500 VUs  0m47.0s/2m40.0s

running (0m48.0s), 100/500 VUs, 18671 complete and 0 interrupted iterations
ramping   [  30% ] 100/500 VUs  0m48.0s/2m40.0s

running (0m49.0s), 100/500 VUs, 19171 complete and 0 interrupted iterations
ramping   [  31% ] 100/500 VUs  0m49.0s/2m40.0s

running (0m50.0s), 100/500 VUs, 19671 complete and 0 interrupted iterations
ramping   [  31% ] 100/500 VUs  0m50.0s/2m40.0s

running (0m51.0s), 109/500 VUs, 20187 complete and 0 interrupted iterations
ramping   [  32% ] 109/500 VUs  0m51.0s/2m40.0s

running (0m52.0s), 119/500 VUs, 20733 complete and 0 interrupted iterations
ramping   [  32% ] 119/500 VUs  0m52.0s/2m40.0s

running (0m53.0s), 129/500 VUs, 21348 complete and 0 interrupted iterations
ramping   [  33% ] 129/500 VUs  0m53.0s/2m40.0s

running (0m54.0s), 139/500 VUs, 22013 complete and 0 interrupted iterations
ramping   [  34% ] 139/500 VUs  0m54.0s/2m40.0s

running (0m55.0s), 149/500 VUs, 22726 complete and 0 interrupted iterations
ramping   [  34% ] 149/500 VUs  0m55.0s/2m40.0s

running (0m56.0s), 159/500 VUs, 23491 complete and 0 interrupted iterations
ramping   [  35% ] 159/500 VUs  0m56.0s/2m40.0s

running (0m57.0s), 169/500 VUs, 24298 complete and 0 interrupted iterations
ramping   [  36% ] 169/500 VUs  0m57.0s/2m40.0s

running (0m58.0s), 179/500 VUs, 25139 complete and 0 interrupted iterations
ramping   [  36% ] 179/500 VUs  0m58.0s/2m40.0s

running (0m59.0s), 189/500 VUs, 26050 complete and 0 interrupted iterations
ramping   [  37% ] 189/500 VUs  0m59.0s/2m40.0s

running (1m00.0s), 199/500 VUs, 27015 complete and 0 interrupted iterations
ramping   [  37% ] 199/500 VUs  1m00.0s/2m40.0s

running (1m01.0s), 209/500 VUs, 28014 complete and 0 interrupted iterations
ramping   [  38% ] 209/500 VUs  1m01.0s/2m40.0s

running (1m02.0s), 219/500 VUs, 28996 complete and 0 interrupted iterations
ramping   [  39% ] 219/500 VUs  1m02.0s/2m40.0s

running (1m03.0s), 229/500 VUs, 29989 complete and 0 interrupted iterations
ramping   [  39% ] 229/500 VUs  1m03.0s/2m40.0s

running (1m04.0s), 239/500 VUs, 30972 complete and 0 interrupted iterations
ramping   [  40% ] 239/500 VUs  1m04.0s/2m40.0s

running (1m05.0s), 249/500 VUs, 31964 complete and 0 interrupted iterations
ramping   [  41% ] 249/500 VUs  1m05.0s/2m40.0s

running (1m06.0s), 259/500 VUs, 32946 complete and 0 interrupted iterations
ramping   [  41% ] 259/500 VUs  1m06.0s/2m40.0s

running (1m07.0s), 269/500 VUs, 33946 complete and 0 interrupted iterations
ramping   [  42% ] 269/500 VUs  1m07.0s/2m40.0s

running (1m08.0s), 279/500 VUs, 34944 complete and 0 interrupted iterations
ramping   [  42% ] 279/500 VUs  1m08.0s/2m40.0s

running (1m09.0s), 289/500 VUs, 35926 complete and 0 interrupted iterations
ramping   [  43% ] 289/500 VUs  1m09.0s/2m40.0s

running (1m10.0s), 299/500 VUs, 36925 complete and 0 interrupted iterations
ramping   [  44% ] 299/500 VUs  1m10.0s/2m40.0s

running (1m11.0s), 300/500 VUs, 37925 complete and 0 interrupted iterations
ramping   [  44% ] 300/500 VUs  1m11.0s/2m40.0s

running (1m12.0s), 300/500 VUs, 38925 complete and 0 interrupted iterations
ramping   [  45% ] 300/500 VUs  1m12.0s/2m40.0s

running (1m13.0s), 300/500 VUs, 39905 complete and 0 interrupted iterations
ramping   [  46% ] 300/500 VUs  1m13.0s/2m40.0s

running (1m14.0s), 300/500 VUs, 40905 complete and 0 interrupted iterations
ramping   [  46% ] 300/500 VUs  1m14.0s/2m40.0s

running (1m15.0s), 300/500 VUs, 41894 complete and 0 interrupted iterations
ramping   [  47% ] 300/500 VUs  1m15.0s/2m40.0s

running (1m16.0s), 300/500 VUs, 42894 complete and 0 interrupted iterations
ramping   [  47% ] 300/500 VUs  1m16.0s/2m40.0s

running (1m17.0s), 300/500 VUs, 43877 complete and 0 interrupted iterations
ramping   [  48% ] 300/500 VUs  1m17.0s/2m40.0s

running (1m18.0s), 300/500 VUs, 44871 complete and 0 interrupted iterations
ramping   [  49% ] 300/500 VUs  1m18.0s/2m40.0s

running (1m19.0s), 300/500 VUs, 45867 complete and 0 interrupted iterations
ramping   [  49% ] 300/500 VUs  1m19.0s/2m40.0s

running (1m20.0s), 300/500 VUs, 46863 complete and 0 interrupted iterations
ramping   [  50% ] 300/500 VUs  1m20.0s/2m40.0s

running (1m21.0s), 300/500 VUs, 47863 complete and 0 interrupted iterations
ramping   [  51% ] 300/500 VUs  1m21.0s/2m40.0s

running (1m22.0s), 300/500 VUs, 48863 complete and 0 interrupted iterations
ramping   [  51% ] 300/500 VUs  1m22.0s/2m40.0s

running (1m23.0s), 300/500 VUs, 49850 complete and 0 interrupted iterations
ramping   [  52% ] 300/500 VUs  1m23.0s/2m40.0s

running (1m24.0s), 300/500 VUs, 50850 complete and 0 interrupted iterations
ramping   [  52% ] 300/500 VUs  1m24.0s/2m40.0s

running (1m25.0s), 300/500 VUs, 51814 complete and 0 interrupted iterations
ramping   [  53% ] 300/500 VUs  1m25.0s/2m40.0s

running (1m26.0s), 300/500 VUs, 52814 complete and 0 interrupted iterations
ramping   [  54% ] 300/500 VUs  1m26.0s/2m40.0s

running (1m27.0s), 300/500 VUs, 53814 complete and 0 interrupted iterations
ramping   [  54% ] 300/500 VUs  1m27.0s/2m40.0s

running (1m28.0s), 300/500 VUs, 54814 complete and 0 interrupted iterations
ramping   [  55% ] 300/500 VUs  1m28.0s/2m40.0s

running (1m29.0s), 300/500 VUs, 55802 complete and 0 interrupted iterations
ramping   [  56% ] 300/500 VUs  1m29.0s/2m40.0s

running (1m30.0s), 300/500 VUs, 56802 complete and 0 interrupted iterations
ramping   [  56% ] 300/500 VUs  1m30.0s/2m40.0s

running (1m31.0s), 300/500 VUs, 57762 complete and 0 interrupted iterations
ramping   [  57% ] 300/500 VUs  1m31.0s/2m40.0s

running (1m32.0s), 300/500 VUs, 58762 complete and 0 interrupted iterations
ramping   [  57% ] 300/500 VUs  1m32.0s/2m40.0s

running (1m33.0s), 300/500 VUs, 59750 complete and 0 interrupted iterations
ramping   [  58% ] 300/500 VUs  1m33.0s/2m40.0s

running (1m34.0s), 300/500 VUs, 60750 complete and 0 interrupted iterations
ramping   [  59% ] 300/500 VUs  1m34.0s/2m40.0s

running (1m35.0s), 300/500 VUs, 61739 complete and 0 interrupted iterations
ramping   [  59% ] 300/500 VUs  1m35.0s/2m40.0s

running (1m36.0s), 300/500 VUs, 62738 complete and 0 interrupted iterations
ramping   [  60% ] 300/500 VUs  1m36.0s/2m40.0s

running (1m37.0s), 300/500 VUs, 63738 complete and 0 interrupted iterations
ramping   [  61% ] 300/500 VUs  1m37.0s/2m40.0s

running (1m38.0s), 300/500 VUs, 64737 complete and 0 interrupted iterations
ramping   [  61% ] 300/500 VUs  1m38.0s/2m40.0s

running (1m39.0s), 300/500 VUs, 65725 complete and 0 interrupted iterations
ramping   [  62% ] 300/500 VUs  1m39.0s/2m40.0s

running (1m40.0s), 300/500 VUs, 66725 complete and 0 interrupted iterations
ramping   [  62% ] 300/500 VUs  1m40.0s/2m40.0s

running (1m41.0s), 309/500 VUs, 67696 complete and 0 interrupted iterations
ramping   [  63% ] 309/500 VUs  1m41.0s/2m40.0s

running (1m42.0s), 319/500 VUs, 68694 complete and 0 interrupted iterations
ramping   [  64% ] 319/500 VUs  1m42.0s/2m40.0s

running (1m43.0s), 329/500 VUs, 69694 complete and 0 interrupted iterations
ramping   [  64% ] 329/500 VUs  1m43.0s/2m40.0s

running (1m44.0s), 339/500 VUs, 70681 complete and 0 interrupted iterations
ramping   [  65% ] 339/500 VUs  1m44.0s/2m40.0s

running (1m45.0s), 349/500 VUs, 71681 complete and 0 interrupted iterations
ramping   [  66% ] 349/500 VUs  1m45.0s/2m40.0s

running (1m46.0s), 359/500 VUs, 72681 complete and 0 interrupted iterations
ramping   [  66% ] 359/500 VUs  1m46.0s/2m40.0s

running (1m47.0s), 369/500 VUs, 73681 complete and 0 interrupted iterations
ramping   [  67% ] 369/500 VUs  1m47.0s/2m40.0s

running (1m48.0s), 379/500 VUs, 74663 complete and 0 interrupted iterations
ramping   [  67% ] 379/500 VUs  1m48.0s/2m40.0s

running (1m49.0s), 389/500 VUs, 75663 complete and 0 interrupted iterations
ramping   [  68% ] 389/500 VUs  1m49.0s/2m40.0s

running (1m50.0s), 399/500 VUs, 76663 complete and 0 interrupted iterations
ramping   [  69% ] 399/500 VUs  1m50.0s/2m40.0s

running (1m51.0s), 409/500 VUs, 77663 complete and 0 interrupted iterations
ramping   [  69% ] 409/500 VUs  1m51.0s/2m40.0s

running (1m52.0s), 419/500 VUs, 78663 complete and 0 interrupted iterations
ramping   [  70% ] 419/500 VUs  1m52.0s/2m40.0s

running (1m53.0s), 429/500 VUs, 79646 complete and 0 interrupted iterations
ramping   [  71% ] 429/500 VUs  1m53.0s/2m40.0s

running (1m54.0s), 439/500 VUs, 80619 complete and 0 interrupted iterations
ramping   [  71% ] 439/500 VUs  1m54.0s/2m40.0s

running (1m55.0s), 449/500 VUs, 81614 complete and 0 interrupted iterations
ramping   [  72% ] 449/500 VUs  1m55.0s/2m40.0s

running (1m56.0s), 459/500 VUs, 82614 complete and 0 interrupted iterations
ramping   [  72% ] 459/500 VUs  1m56.0s/2m40.0s

running (1m57.0s), 469/500 VUs, 83609 complete and 0 interrupted iterations
ramping   [  73% ] 469/500 VUs  1m57.0s/2m40.0s

running (1m58.0s), 479/500 VUs, 84588 complete and 0 interrupted iterations
ramping   [  74% ] 479/500 VUs  1m58.0s/2m40.0s

running (1m59.0s), 489/500 VUs, 85565 complete and 0 interrupted iterations
ramping   [  74% ] 489/500 VUs  1m59.0s/2m40.0s

running (2m00.0s), 499/500 VUs, 86562 complete and 0 interrupted iterations
ramping   [  75% ] 499/500 VUs  2m00.0s/2m40.0s

running (2m01.0s), 500/500 VUs, 87562 complete and 0 interrupted iterations
ramping   [  76% ] 500/500 VUs  2m01.0s/2m40.0s

running (2m02.0s), 500/500 VUs, 88562 complete and 0 interrupted iterations
ramping   [  76% ] 500/500 VUs  2m02.0s/2m40.0s

running (2m03.0s), 500/500 VUs, 89562 complete and 0 interrupted iterations
ramping   [  77% ] 500/500 VUs  2m03.0s/2m40.0s

running (2m04.0s), 500/500 VUs, 90551 complete and 0 interrupted iterations
ramping   [  77% ] 500/500 VUs  2m04.0s/2m40.0s

running (2m05.0s), 500/500 VUs, 91551 complete and 0 interrupted iterations
ramping   [  78% ] 500/500 VUs  2m05.0s/2m40.0s

running (2m06.0s), 500/500 VUs, 92551 complete and 0 interrupted iterations
ramping   [  79% ] 500/500 VUs  2m06.0s/2m40.0s

running (2m07.0s), 500/500 VUs, 93520 complete and 0 interrupted iterations
ramping   [  79% ] 500/500 VUs  2m07.0s/2m40.0s

running (2m08.0s), 500/500 VUs, 94494 complete and 0 interrupted iterations
ramping   [  80% ] 500/500 VUs  2m08.0s/2m40.0s

running (2m09.0s), 500/500 VUs, 95494 complete and 0 interrupted iterations
ramping   [  81% ] 500/500 VUs  2m09.0s/2m40.0s

running (2m10.0s), 500/500 VUs, 96494 complete and 0 interrupted iterations
ramping   [  81% ] 500/500 VUs  2m10.0s/2m40.0s

running (2m11.0s), 500/500 VUs, 97494 complete and 0 interrupted iterations
ramping   [  82% ] 500/500 VUs  2m11.0s/2m40.0s

running (2m12.0s), 500/500 VUs, 98494 complete and 0 interrupted iterations
ramping   [  82% ] 500/500 VUs  2m12.0s/2m40.0s

running (2m13.0s), 500/500 VUs, 99481 complete and 0 interrupted iterations
ramping   [  83% ] 500/500 VUs  2m13.0s/2m40.0s

running (2m14.0s), 500/500 VUs, 100481 complete and 0 interrupted iterations
ramping   [  84% ] 500/500 VUs  2m14.0s/2m40.0s

running (2m15.0s), 500/500 VUs, 101481 complete and 0 interrupted iterations
ramping   [  84% ] 500/500 VUs  2m15.0s/2m40.0s

running (2m16.0s), 500/500 VUs, 102481 complete and 0 interrupted iterations
ramping   [  85% ] 500/500 VUs  2m16.0s/2m40.0s

running (2m17.0s), 500/500 VUs, 103463 complete and 0 interrupted iterations
ramping   [  86% ] 500/500 VUs  2m17.0s/2m40.0s

running (2m18.0s), 500/500 VUs, 104463 complete and 0 interrupted iterations
ramping   [  86% ] 500/500 VUs  2m18.0s/2m40.0s

running (2m19.0s), 500/500 VUs, 105463 complete and 0 interrupted iterations
ramping   [  87% ] 500/500 VUs  2m19.0s/2m40.0s

running (2m20.0s), 500/500 VUs, 106463 complete and 0 interrupted iterations
ramping   [  87% ] 500/500 VUs  2m20.0s/2m40.0s

running (2m21.0s), 500/500 VUs, 107445 complete and 0 interrupted iterations
ramping   [  88% ] 500/500 VUs  2m21.0s/2m40.0s

running (2m22.0s), 500/500 VUs, 108414 complete and 0 interrupted iterations
ramping   [  89% ] 500/500 VUs  2m22.0s/2m40.0s

running (2m23.0s), 500/500 VUs, 109414 complete and 0 interrupted iterations
ramping   [  89% ] 500/500 VUs  2m23.0s/2m40.0s

running (2m23.9s), 500/500 VUs, 110414 complete and 0 interrupted iterations
ramping   [  90% ] 500/500 VUs  2m24.0s/2m40.0s

running (2m24.9s), 500/500 VUs, 111414 complete and 0 interrupted iterations
ramping   [  91% ] 500/500 VUs  2m25.0s/2m40.0s

running (2m25.9s), 500/500 VUs, 112408 complete and 0 interrupted iterations
ramping   [  91% ] 500/500 VUs  2m26.0s/2m40.0s

running (2m26.9s), 500/500 VUs, 113397 complete and 0 interrupted iterations
ramping   [  92% ] 500/500 VUs  2m27.0s/2m40.0s

running (2m27.9s), 500/500 VUs, 114370 complete and 0 interrupted iterations
ramping   [  92% ] 500/500 VUs  2m28.0s/2m40.0s

running (2m28.9s), 500/500 VUs, 115362 complete and 0 interrupted iterations
ramping   [  93% ] 500/500 VUs  2m29.0s/2m40.0s

running (2m29.9s), 500/500 VUs, 116362 complete and 0 interrupted iterations
ramping   [  94% ] 500/500 VUs  2m30.0s/2m40.0s

running (2m30.9s), 467/500 VUs, 117362 complete and 0 interrupted iterations
ramping   [  94% ] 467/500 VUs  2m31.0s/2m40.0s

running (2m32.0s), 415/500 VUs, 118362 complete and 0 interrupted iterations
ramping   [  95% ] 415/500 VUs  2m32.0s/2m40.0s

running (2m32.9s), 362/500 VUs, 119362 complete and 0 interrupted iterations
ramping   [  96% ] 362/500 VUs  2m33.0s/2m40.0s

running (2m33.9s), 313/500 VUs, 120344 complete and 0 interrupted iterations
ramping   [  96% ] 313/500 VUs  2m34.0s/2m40.0s

running (2m34.9s), 259/500 VUs, 121341 complete and 0 interrupted iterations
ramping   [  97% ] 259/500 VUs  2m35.0s/2m40.0s

running (2m35.9s), 210/500 VUs, 122334 complete and 0 interrupted iterations
ramping   [  97% ] 210/500 VUs  2m36.0s/2m40.0s

running (2m36.9s), 158/500 VUs, 123237 complete and 0 interrupted iterations
ramping   [  98% ] 158/500 VUs  2m37.0s/2m40.0s

running (2m37.9s), 110/500 VUs, 123930 complete and 0 interrupted iterations
ramping   [  99% ] 110/500 VUs  2m38.0s/2m40.0s

running (2m39.0s), 058/500 VUs, 124371 complete and 0 interrupted iterations
ramping   [  99% ] 058/500 VUs  2m39.0s/2m40.0s

running (2m39.9s), 008/500 VUs, 124566 complete and 0 interrupted iterations
ramping   [ 100% ] 008/500 VUs  2m40.0s/2m40.0s


  █ THRESHOLDS 

    http_req_failed
    ✓ 'rate<0.05' rate=0.00%


  █ TOTAL RESULTS 

    checks_total.......: 124575  777.785686/s
    checks_succeeded...: 100.00% 124575 out of 124575
    checks_failed......: 0.00%   0 out of 124575

    ✓ status is 200

    HTTP
    http_req_duration..............: avg=341.44ms min=199.12ms med=310.72ms max=557.73ms p(90)=508.14ms p(95)=519.71ms
      { expected_response:true }...: avg=341.44ms min=199.12ms med=310.72ms max=557.73ms p(90)=508.14ms p(95)=519.71ms
    http_req_failed................: 0.00%  0 out of 124575
    http_reqs......................: 124575 777.785686/s

    EXECUTION
    iteration_duration.............: avg=341.56ms min=200.78ms med=310.87ms max=557.84ms p(90)=508.31ms p(95)=519.86ms
    iterations.....................: 124575 777.785686/s
    vus............................: 8      min=4           max=500
    vus_max........................: 500    min=500         max=500

    NETWORK
    data_received..................: 18 MB  110 kB/s
    data_sent......................: 8.6 MB 54 kB/s




running (2m40.2s), 000/500 VUs, 124575 complete and 0 interrupted iterations
ramping ✓ [ 100% ] 000/500 VUs  2m40s
