 Container sprint-boot-with-virtual-threads-api2-1  Running
 Container sprint-boot-with-virtual-threads-api1-1  Running

         /\      Grafana   /‾‾/  
    /\  /  \     |\  __   /  /   
   /  \/    \    | |/ /  /   ‾‾\ 
  /          \   |   (  |  (‾)  |
 / __________ \  |_|\_\  \_____/ 


     execution: local
        script: /scripts/script.js
        output: -

     scenarios: (100.00%) 1 scenario, 500 max VUs, 2m45s max duration (incl. graceful stop):
              * ramping: Up to 500 looping VUs for 2m40s over 7 stages (gracefulRampDown: 5s, gracefulStop: 30s)


running (0m01.0s), 004/500 VUs, 6 complete and 0 interrupted iterations
ramping   [   1% ] 004/500 VUs  0m01.0s/2m40.0s

running (0m01.9s), 009/500 VUs, 36 complete and 0 interrupted iterations
ramping   [   1% ] 009/500 VUs  0m01.9s/2m40.0s

running (0m03.0s), 014/500 VUs, 91 complete and 0 interrupted iterations
ramping   [   2% ] 014/500 VUs  0m03.0s/2m40.0s

running (0m03.9s), 019/500 VUs, 171 complete and 0 interrupted iterations
ramping   [   2% ] 019/500 VUs  0m03.9s/2m40.0s

running (0m04.9s), 024/500 VUs, 276 complete and 0 interrupted iterations
ramping   [   3% ] 024/500 VUs  0m04.9s/2m40.0s

running (0m06.0s), 029/500 VUs, 406 complete and 0 interrupted iterations
ramping   [   4% ] 029/500 VUs  0m06.0s/2m40.0s

running (0m06.9s), 034/500 VUs, 561 complete and 0 interrupted iterations
ramping   [   4% ] 034/500 VUs  0m06.9s/2m40.0s

running (0m07.9s), 039/500 VUs, 736 complete and 0 interrupted iterations
ramping   [   5% ] 039/500 VUs  0m08.0s/2m40.0s

running (0m08.9s), 044/500 VUs, 941 complete and 0 interrupted iterations
ramping   [   6% ] 044/500 VUs  0m08.9s/2m40.0s

running (0m09.9s), 049/500 VUs, 1171 complete and 0 interrupted iterations
ramping   [   6% ] 049/500 VUs  0m09.9s/2m40.0s

running (0m10.9s), 054/500 VUs, 1419 complete and 0 interrupted iterations
ramping   [   7% ] 054/500 VUs  0m11.0s/2m40.0s

running (0m11.9s), 059/500 VUs, 1699 complete and 0 interrupted iterations
ramping   [   7% ] 059/500 VUs  0m12.0s/2m40.0s

running (0m12.9s), 064/500 VUs, 2004 complete and 0 interrupted iterations
ramping   [   8% ] 064/500 VUs  0m13.0s/2m40.0s

running (0m13.9s), 069/500 VUs, 2325 complete and 0 interrupted iterations
ramping   [   9% ] 069/500 VUs  0m14.0s/2m40.0s

running (0m14.9s), 074/500 VUs, 2680 complete and 0 interrupted iterations
ramping   [   9% ] 074/500 VUs  0m15.0s/2m40.0s

running (0m15.9s), 079/500 VUs, 3060 complete and 0 interrupted iterations
ramping   [  10% ] 079/500 VUs  0m15.9s/2m40.0s

running (0m16.9s), 084/500 VUs, 3463 complete and 0 interrupted iterations
ramping   [  11% ] 084/500 VUs  0m16.9s/2m40.0s

running (0m17.9s), 089/500 VUs, 3893 complete and 0 interrupted iterations
ramping   [  11% ] 089/500 VUs  0m17.9s/2m40.0s

running (0m18.9s), 094/500 VUs, 4337 complete and 0 interrupted iterations
ramping   [  12% ] 094/500 VUs  0m19.0s/2m40.0s

running (0m19.9s), 099/500 VUs, 4817 complete and 0 interrupted iterations
ramping   [  12% ] 099/500 VUs  0m20.0s/2m40.0s

running (0m20.9s), 100/500 VUs, 5303 complete and 0 interrupted iterations
ramping   [  13% ] 100/500 VUs  0m21.0s/2m40.0s

running (0m21.9s), 100/500 VUs, 5799 complete and 0 interrupted iterations
ramping   [  14% ] 100/500 VUs  0m22.0s/2m40.0s

running (0m22.9s), 100/500 VUs, 6299 complete and 0 interrupted iterations
ramping   [  14% ] 100/500 VUs  0m22.9s/2m40.0s

running (0m23.9s), 100/500 VUs, 6786 complete and 0 interrupted iterations
ramping   [  15% ] 100/500 VUs  0m24.0s/2m40.0s

running (0m24.9s), 100/500 VUs, 7286 complete and 0 interrupted iterations
ramping   [  16% ] 100/500 VUs  0m25.0s/2m40.0s

running (0m25.9s), 100/500 VUs, 7768 complete and 0 interrupted iterations
ramping   [  16% ] 100/500 VUs  0m25.9s/2m40.0s

running (0m26.9s), 100/500 VUs, 8268 complete and 0 interrupted iterations
ramping   [  17% ] 100/500 VUs  0m27.0s/2m40.0s

running (0m27.9s), 100/500 VUs, 8768 complete and 0 interrupted iterations
ramping   [  17% ] 100/500 VUs  0m28.0s/2m40.0s

running (0m28.9s), 100/500 VUs, 9253 complete and 0 interrupted iterations
ramping   [  18% ] 100/500 VUs  0m28.9s/2m40.0s

running (0m29.9s), 100/500 VUs, 9753 complete and 0 interrupted iterations
ramping   [  19% ] 100/500 VUs  0m29.9s/2m40.0s

running (0m30.9s), 100/500 VUs, 10253 complete and 0 interrupted iterations
ramping   [  19% ] 100/500 VUs  0m31.0s/2m40.0s

running (0m31.9s), 100/500 VUs, 10753 complete and 0 interrupted iterations
ramping   [  20% ] 100/500 VUs  0m31.9s/2m40.0s

running (0m32.9s), 100/500 VUs, 11253 complete and 0 interrupted iterations
ramping   [  21% ] 100/500 VUs  0m32.9s/2m40.0s

running (0m33.9s), 100/500 VUs, 11739 complete and 0 interrupted iterations
ramping   [  21% ] 100/500 VUs  0m34.0s/2m40.0s

running (0m34.9s), 100/500 VUs, 12232 complete and 0 interrupted iterations
ramping   [  22% ] 100/500 VUs  0m34.9s/2m40.0s

running (0m35.9s), 100/500 VUs, 12729 complete and 0 interrupted iterations
ramping   [  22% ] 100/500 VUs  0m36.0s/2m40.0s

running (0m36.9s), 100/500 VUs, 13229 complete and 0 interrupted iterations
ramping   [  23% ] 100/500 VUs  0m37.0s/2m40.0s

running (0m37.9s), 100/500 VUs, 13716 complete and 0 interrupted iterations
ramping   [  24% ] 100/500 VUs  0m37.9s/2m40.0s

running (0m38.9s), 100/500 VUs, 14205 complete and 0 interrupted iterations
ramping   [  24% ] 100/500 VUs  0m39.0s/2m40.0s

running (0m39.9s), 100/500 VUs, 14699 complete and 0 interrupted iterations
ramping   [  25% ] 100/500 VUs  0m39.9s/2m40.0s

running (0m40.9s), 100/500 VUs, 15199 complete and 0 interrupted iterations
ramping   [  26% ] 100/500 VUs  0m41.0s/2m40.0s

running (0m41.9s), 100/500 VUs, 15699 complete and 0 interrupted iterations
ramping   [  26% ] 100/500 VUs  0m41.9s/2m40.0s

running (0m42.9s), 100/500 VUs, 16186 complete and 0 interrupted iterations
ramping   [  27% ] 100/500 VUs  0m42.9s/2m40.0s

running (0m43.9s), 100/500 VUs, 16686 complete and 0 interrupted iterations
ramping   [  27% ] 100/500 VUs  0m43.9s/2m40.0s

running (0m44.9s), 100/500 VUs, 17186 complete and 0 interrupted iterations
ramping   [  28% ] 100/500 VUs  0m45.0s/2m40.0s

running (0m45.9s), 100/500 VUs, 17686 complete and 0 interrupted iterations
ramping   [  29% ] 100/500 VUs  0m46.0s/2m40.0s

running (0m46.9s), 100/500 VUs, 18186 complete and 0 interrupted iterations
ramping   [  29% ] 100/500 VUs  0m46.9s/2m40.0s

running (0m47.9s), 100/500 VUs, 18686 complete and 0 interrupted iterations
ramping   [  30% ] 100/500 VUs  0m48.0s/2m40.0s

running (0m48.9s), 100/500 VUs, 19168 complete and 0 interrupted iterations
ramping   [  31% ] 100/500 VUs  0m49.0s/2m40.0s

running (0m49.9s), 100/500 VUs, 19668 complete and 0 interrupted iterations
ramping   [  31% ] 100/500 VUs  0m50.0s/2m40.0s

running (0m50.9s), 109/500 VUs, 20176 complete and 0 interrupted iterations
ramping   [  32% ] 109/500 VUs  0m50.9s/2m40.0s

running (0m51.9s), 119/500 VUs, 20720 complete and 0 interrupted iterations
ramping   [  32% ] 119/500 VUs  0m52.0s/2m40.0s

running (0m52.9s), 129/500 VUs, 21335 complete and 0 interrupted iterations
ramping   [  33% ] 129/500 VUs  0m52.9s/2m40.0s

running (0m53.9s), 139/500 VUs, 22000 complete and 0 interrupted iterations
ramping   [  34% ] 139/500 VUs  0m54.0s/2m40.0s

running (0m54.9s), 149/500 VUs, 22703 complete and 0 interrupted iterations
ramping   [  34% ] 149/500 VUs  0m55.0s/2m40.0s

running (0m55.9s), 159/500 VUs, 23468 complete and 0 interrupted iterations
ramping   [  35% ] 159/500 VUs  0m55.9s/2m40.0s

running (0m56.9s), 169/500 VUs, 24268 complete and 0 interrupted iterations
ramping   [  36% ] 169/500 VUs  0m56.9s/2m40.0s

running (0m57.9s), 179/500 VUs, 25126 complete and 0 interrupted iterations
ramping   [  36% ] 179/500 VUs  0m58.0s/2m40.0s

running (0m58.9s), 189/500 VUs, 26029 complete and 0 interrupted iterations
ramping   [  37% ] 189/500 VUs  0m59.0s/2m40.0s

running (0m59.9s), 199/500 VUs, 26994 complete and 0 interrupted iterations
ramping   [  37% ] 199/500 VUs  1m00.0s/2m40.0s

running (1m00.9s), 209/500 VUs, 27993 complete and 0 interrupted iterations
ramping   [  38% ] 209/500 VUs  1m01.0s/2m40.0s

running (1m01.9s), 219/500 VUs, 28993 complete and 0 interrupted iterations
ramping   [  39% ] 219/500 VUs  1m01.9s/2m40.0s

running (1m02.9s), 229/500 VUs, 29975 complete and 0 interrupted iterations
ramping   [  39% ] 229/500 VUs  1m02.9s/2m40.0s

running (1m03.9s), 239/500 VUs, 30971 complete and 0 interrupted iterations
ramping   [  40% ] 239/500 VUs  1m04.0s/2m40.0s

running (1m04.9s), 249/500 VUs, 31971 complete and 0 interrupted iterations
ramping   [  41% ] 249/500 VUs  1m05.0s/2m40.0s

running (1m05.9s), 259/500 VUs, 32936 complete and 0 interrupted iterations
ramping   [  41% ] 259/500 VUs  1m05.9s/2m40.0s

running (1m06.9s), 269/500 VUs, 33936 complete and 0 interrupted iterations
ramping   [  42% ] 269/500 VUs  1m06.9s/2m40.0s

running (1m07.9s), 279/500 VUs, 34936 complete and 0 interrupted iterations
ramping   [  42% ] 279/500 VUs  1m07.9s/2m40.0s

running (1m08.9s), 289/500 VUs, 35936 complete and 0 interrupted iterations
ramping   [  43% ] 289/500 VUs  1m08.9s/2m40.0s

running (1m09.9s), 299/500 VUs, 36936 complete and 0 interrupted iterations
ramping   [  44% ] 299/500 VUs  1m09.9s/2m40.0s

running (1m10.9s), 300/500 VUs, 37913 complete and 0 interrupted iterations
ramping   [  44% ] 300/500 VUs  1m11.0s/2m40.0s

running (1m11.9s), 300/500 VUs, 38909 complete and 0 interrupted iterations
ramping   [  45% ] 300/500 VUs  1m11.9s/2m40.0s

running (1m12.9s), 300/500 VUs, 39885 complete and 0 interrupted iterations
ramping   [  46% ] 300/500 VUs  1m12.9s/2m40.0s

running (1m13.9s), 300/500 VUs, 40885 complete and 0 interrupted iterations
ramping   [  46% ] 300/500 VUs  1m14.0s/2m40.0s

running (1m14.9s), 300/500 VUs, 41885 complete and 0 interrupted iterations
ramping   [  47% ] 300/500 VUs  1m14.9s/2m40.0s

running (1m15.9s), 300/500 VUs, 42874 complete and 0 interrupted iterations
ramping   [  47% ] 300/500 VUs  1m15.9s/2m40.0s

running (1m16.9s), 300/500 VUs, 43859 complete and 0 interrupted iterations
ramping   [  48% ] 300/500 VUs  1m16.9s/2m40.0s

running (1m17.9s), 300/500 VUs, 44827 complete and 0 interrupted iterations
ramping   [  49% ] 300/500 VUs  1m18.0s/2m40.0s

running (1m18.9s), 300/500 VUs, 45827 complete and 0 interrupted iterations
ramping   [  49% ] 300/500 VUs  1m19.0s/2m40.0s

running (1m19.9s), 300/500 VUs, 46827 complete and 0 interrupted iterations
ramping   [  50% ] 300/500 VUs  1m19.9s/2m40.0s

running (1m20.9s), 300/500 VUs, 47827 complete and 0 interrupted iterations
ramping   [  51% ] 300/500 VUs  1m20.9s/2m40.0s

running (1m21.9s), 300/500 VUs, 48812 complete and 0 interrupted iterations
ramping   [  51% ] 300/500 VUs  1m22.0s/2m40.0s

running (1m22.9s), 300/500 VUs, 49812 complete and 0 interrupted iterations
ramping   [  52% ] 300/500 VUs  1m23.0s/2m40.0s

running (1m23.9s), 300/500 VUs, 50812 complete and 0 interrupted iterations
ramping   [  52% ] 300/500 VUs  1m23.9s/2m40.0s

running (1m24.9s), 300/500 VUs, 51804 complete and 0 interrupted iterations
ramping   [  53% ] 300/500 VUs  1m24.9s/2m40.0s

running (1m25.9s), 300/500 VUs, 52795 complete and 0 interrupted iterations
ramping   [  54% ] 300/500 VUs  1m26.0s/2m40.0s

running (1m26.9s), 300/500 VUs, 53793 complete and 0 interrupted iterations
ramping   [  54% ] 300/500 VUs  1m26.9s/2m40.0s

running (1m27.9s), 300/500 VUs, 54793 complete and 0 interrupted iterations
ramping   [  55% ] 300/500 VUs  1m27.9s/2m40.0s

running (1m28.9s), 300/500 VUs, 55793 complete and 0 interrupted iterations
ramping   [  56% ] 300/500 VUs  1m28.9s/2m40.0s

running (1m29.9s), 300/500 VUs, 56784 complete and 0 interrupted iterations
ramping   [  56% ] 300/500 VUs  1m30.0s/2m40.0s

running (1m30.9s), 300/500 VUs, 57784 complete and 0 interrupted iterations
ramping   [  57% ] 300/500 VUs  1m31.0s/2m40.0s

running (1m31.9s), 300/500 VUs, 58771 complete and 0 interrupted iterations
ramping   [  57% ] 300/500 VUs  1m32.0s/2m40.0s

running (1m32.9s), 300/500 VUs, 59764 complete and 0 interrupted iterations
ramping   [  58% ] 300/500 VUs  1m32.9s/2m40.0s

running (1m33.9s), 300/500 VUs, 60740 complete and 0 interrupted iterations
ramping   [  59% ] 300/500 VUs  1m33.9s/2m40.0s

running (1m34.9s), 300/500 VUs, 61737 complete and 0 interrupted iterations
ramping   [  59% ] 300/500 VUs  1m34.9s/2m40.0s

running (1m35.9s), 300/500 VUs, 62727 complete and 0 interrupted iterations
ramping   [  60% ] 300/500 VUs  1m36.0s/2m40.0s

running (1m36.9s), 300/500 VUs, 63721 complete and 0 interrupted iterations
ramping   [  61% ] 300/500 VUs  1m37.0s/2m40.0s

running (1m37.9s), 300/500 VUs, 64721 complete and 0 interrupted iterations
ramping   [  61% ] 300/500 VUs  1m38.0s/2m40.0s

running (1m38.9s), 300/500 VUs, 65721 complete and 0 interrupted iterations
ramping   [  62% ] 300/500 VUs  1m39.0s/2m40.0s

running (1m39.9s), 300/500 VUs, 66721 complete and 0 interrupted iterations
ramping   [  62% ] 300/500 VUs  1m39.9s/2m40.0s

running (1m40.9s), 309/500 VUs, 67681 complete and 0 interrupted iterations
ramping   [  63% ] 309/500 VUs  1m40.9s/2m40.0s

running (1m41.9s), 319/500 VUs, 68657 complete and 0 interrupted iterations
ramping   [  64% ] 319/500 VUs  1m41.9s/2m40.0s

running (1m42.9s), 329/500 VUs, 69657 complete and 0 interrupted iterations
ramping   [  64% ] 329/500 VUs  1m43.0s/2m40.0s

running (1m43.9s), 339/500 VUs, 70657 complete and 0 interrupted iterations
ramping   [  65% ] 339/500 VUs  1m43.9s/2m40.0s

running (1m44.9s), 349/500 VUs, 71657 complete and 0 interrupted iterations
ramping   [  66% ] 349/500 VUs  1m45.0s/2m40.0s

running (1m45.9s), 359/500 VUs, 72655 complete and 0 interrupted iterations
ramping   [  66% ] 359/500 VUs  1m46.0s/2m40.0s

running (1m46.9s), 369/500 VUs, 73655 complete and 0 interrupted iterations
ramping   [  67% ] 369/500 VUs  1m46.9s/2m40.0s

running (1m47.9s), 379/500 VUs, 74627 complete and 0 interrupted iterations
ramping   [  67% ] 379/500 VUs  1m48.0s/2m40.0s

running (1m48.9s), 389/500 VUs, 75627 complete and 0 interrupted iterations
ramping   [  68% ] 389/500 VUs  1m49.0s/2m40.0s

running (1m49.9s), 399/500 VUs, 76627 complete and 0 interrupted iterations
ramping   [  69% ] 399/500 VUs  1m50.0s/2m40.0s

running (1m50.9s), 409/500 VUs, 77627 complete and 0 interrupted iterations
ramping   [  69% ] 409/500 VUs  1m50.9s/2m40.0s

running (1m51.9s), 419/500 VUs, 78627 complete and 0 interrupted iterations
ramping   [  70% ] 419/500 VUs  1m52.0s/2m40.0s

running (1m52.9s), 429/500 VUs, 79612 complete and 0 interrupted iterations
ramping   [  71% ] 429/500 VUs  1m52.9s/2m40.0s

running (1m53.9s), 439/500 VUs, 80612 complete and 0 interrupted iterations
ramping   [  71% ] 439/500 VUs  1m54.0s/2m40.0s

running (1m54.9s), 449/500 VUs, 81612 complete and 0 interrupted iterations
ramping   [  72% ] 449/500 VUs  1m55.0s/2m40.0s

running (1m55.9s), 459/500 VUs, 82612 complete and 0 interrupted iterations
ramping   [  72% ] 459/500 VUs  1m56.0s/2m40.0s

running (1m56.9s), 469/500 VUs, 83597 complete and 0 interrupted iterations
ramping   [  73% ] 469/500 VUs  1m57.0s/2m40.0s

running (1m57.9s), 479/500 VUs, 84593 complete and 0 interrupted iterations
ramping   [  74% ] 479/500 VUs  1m58.0s/2m40.0s

running (1m58.9s), 489/500 VUs, 85593 complete and 0 interrupted iterations
ramping   [  74% ] 489/500 VUs  1m58.9s/2m40.0s

running (1m59.9s), 499/500 VUs, 86593 complete and 0 interrupted iterations
ramping   [  75% ] 499/500 VUs  2m00.0s/2m40.0s

running (2m00.9s), 500/500 VUs, 87560 complete and 0 interrupted iterations
ramping   [  76% ] 500/500 VUs  2m00.9s/2m40.0s

running (2m01.9s), 500/500 VUs, 88542 complete and 0 interrupted iterations
ramping   [  76% ] 500/500 VUs  2m02.0s/2m40.0s

running (2m02.9s), 500/500 VUs, 89542 complete and 0 interrupted iterations
ramping   [  77% ] 500/500 VUs  2m03.0s/2m40.0s

running (2m03.9s), 500/500 VUs, 90542 complete and 0 interrupted iterations
ramping   [  77% ] 500/500 VUs  2m04.0s/2m40.0s

running (2m04.9s), 500/500 VUs, 91542 complete and 0 interrupted iterations
ramping   [  78% ] 500/500 VUs  2m04.9s/2m40.0s

running (2m05.9s), 500/500 VUs, 92542 complete and 0 interrupted iterations
ramping   [  79% ] 500/500 VUs  2m06.0s/2m40.0s

running (2m06.9s), 500/500 VUs, 93542 complete and 0 interrupted iterations
ramping   [  79% ] 500/500 VUs  2m07.0s/2m40.0s

running (2m07.9s), 500/500 VUs, 94542 complete and 0 interrupted iterations
ramping   [  80% ] 500/500 VUs  2m08.0s/2m40.0s

running (2m08.9s), 500/500 VUs, 95521 complete and 0 interrupted iterations
ramping   [  81% ] 500/500 VUs  2m09.0s/2m40.0s

running (2m09.9s), 500/500 VUs, 96484 complete and 0 interrupted iterations
ramping   [  81% ] 500/500 VUs  2m09.9s/2m40.0s

running (2m10.9s), 500/500 VUs, 97470 complete and 0 interrupted iterations
ramping   [  82% ] 500/500 VUs  2m10.9s/2m40.0s

running (2m11.9s), 500/500 VUs, 98454 complete and 0 interrupted iterations
ramping   [  82% ] 500/500 VUs  2m11.9s/2m40.0s

running (2m12.9s), 500/500 VUs, 99454 complete and 0 interrupted iterations
ramping   [  83% ] 500/500 VUs  2m13.0s/2m40.0s

running (2m13.9s), 500/500 VUs, 100454 complete and 0 interrupted iterations
ramping   [  84% ] 500/500 VUs  2m13.9s/2m40.0s

running (2m14.9s), 500/500 VUs, 101446 complete and 0 interrupted iterations
ramping   [  84% ] 500/500 VUs  2m15.0s/2m40.0s

running (2m15.9s), 500/500 VUs, 102440 complete and 0 interrupted iterations
ramping   [  85% ] 500/500 VUs  2m16.0s/2m40.0s

running (2m16.9s), 500/500 VUs, 103440 complete and 0 interrupted iterations
ramping   [  86% ] 500/500 VUs  2m16.9s/2m40.0s

running (2m17.9s), 500/500 VUs, 104427 complete and 0 interrupted iterations
ramping   [  86% ] 500/500 VUs  2m18.0s/2m40.0s

running (2m18.9s), 500/500 VUs, 105427 complete and 0 interrupted iterations
ramping   [  87% ] 500/500 VUs  2m18.9s/2m40.0s

running (2m19.9s), 500/500 VUs, 106427 complete and 0 interrupted iterations
ramping   [  87% ] 500/500 VUs  2m19.9s/2m40.0s

running (2m20.9s), 500/500 VUs, 107427 complete and 0 interrupted iterations
ramping   [  88% ] 500/500 VUs  2m21.0s/2m40.0s

running (2m21.9s), 500/500 VUs, 108415 complete and 0 interrupted iterations
ramping   [  89% ] 500/500 VUs  2m21.9s/2m40.0s

running (2m22.9s), 500/500 VUs, 109412 complete and 0 interrupted iterations
ramping   [  89% ] 500/500 VUs  2m23.0s/2m40.0s

running (2m23.9s), 500/500 VUs, 110412 complete and 0 interrupted iterations
ramping   [  90% ] 500/500 VUs  2m23.9s/2m40.0s

running (2m24.9s), 500/500 VUs, 111412 complete and 0 interrupted iterations
ramping   [  91% ] 500/500 VUs  2m25.0s/2m40.0s

running (2m25.9s), 500/500 VUs, 112412 complete and 0 interrupted iterations
ramping   [  91% ] 500/500 VUs  2m25.9s/2m40.0s

running (2m26.9s), 500/500 VUs, 113393 complete and 0 interrupted iterations
ramping   [  92% ] 500/500 VUs  2m27.0s/2m40.0s

running (2m27.9s), 500/500 VUs, 114393 complete and 0 interrupted iterations
ramping   [  92% ] 500/500 VUs  2m27.9s/2m40.0s

running (2m28.9s), 500/500 VUs, 115393 complete and 0 interrupted iterations
ramping   [  93% ] 500/500 VUs  2m29.0s/2m40.0s

running (2m29.9s), 500/500 VUs, 116393 complete and 0 interrupted iterations
ramping   [  94% ] 500/500 VUs  2m30.0s/2m40.0s

running (2m30.9s), 465/500 VUs, 117393 complete and 0 interrupted iterations
ramping   [  94% ] 465/500 VUs  2m30.9s/2m40.0s

running (2m31.9s), 411/500 VUs, 118393 complete and 0 interrupted iterations
ramping   [  95% ] 411/500 VUs  2m32.0s/2m40.0s

running (2m32.9s), 359/500 VUs, 119393 complete and 0 interrupted iterations
ramping   [  96% ] 359/500 VUs  2m33.0s/2m40.0s

running (2m33.9s), 307/500 VUs, 120393 complete and 0 interrupted iterations
ramping   [  96% ] 307/500 VUs  2m34.0s/2m40.0s

running (2m34.9s), 257/500 VUs, 121358 complete and 0 interrupted iterations
ramping   [  97% ] 257/500 VUs  2m34.9s/2m40.0s

running (2m35.9s), 209/500 VUs, 122342 complete and 0 interrupted iterations
ramping   [  97% ] 209/500 VUs  2m36.0s/2m40.0s

running (2m36.9s), 156/500 VUs, 123272 complete and 0 interrupted iterations
ramping   [  98% ] 156/500 VUs  2m37.0s/2m40.0s

running (2m37.9s), 108/500 VUs, 123920 complete and 0 interrupted iterations
ramping   [  99% ] 108/500 VUs  2m37.9s/2m40.0s

running (2m38.9s), 062/500 VUs, 124363 complete and 0 interrupted iterations
ramping   [  99% ] 062/500 VUs  2m38.9s/2m40.0s

running (2m39.9s), 012/500 VUs, 124562 complete and 0 interrupted iterations
ramping   [ 100% ] 012/500 VUs  2m40.0s/2m40.0s


  █ THRESHOLDS 

    http_req_failed
    ✓ 'rate<0.05' rate=0.00%


  █ TOTAL RESULTS 

    checks_total.......: 124575  777.821694/s
    checks_succeeded...: 100.00% 124575 out of 124575
    checks_failed......: 0.00%   0 out of 124575

    ✓ status is 200

    HTTP
    http_req_duration..............: avg=341.41ms min=197.7ms  med=312.29ms max=571.08ms p(90)=515.3ms  p(95)=541.18ms
      { expected_response:true }...: avg=341.41ms min=197.7ms  med=312.29ms max=571.08ms p(90)=515.3ms  p(95)=541.18ms
    http_req_failed................: 0.00%  0 out of 124575
    http_reqs......................: 124575 777.821694/s

    EXECUTION
    iteration_duration.............: avg=341.53ms min=200.81ms med=312.4ms  max=571.15ms p(90)=515.41ms p(95)=541.29ms
    iterations.....................: 124575 777.821694/s
    vus............................: 12     min=4           max=500
    vus_max........................: 500    min=500         max=500

    NETWORK
    data_received..................: 18 MB  110 kB/s
    data_sent......................: 8.6 MB 54 kB/s




running (2m40.2s), 000/500 VUs, 124575 complete and 0 interrupted iterations
ramping ✓ [ 100% ] 000/500 VUs  2m40s
