 Container sprint-boot-with-virtual-threads-api2-1  Running
 Container sprint-boot-with-virtual-threads-api1-1  Running

         /\      Grafana   /‾‾/  
    /\  /  \     |\  __   /  /   
   /  \/    \    | |/ /  /   ‾‾\ 
  /          \   |   (  |  (‾)  |
 / __________ \  |_|\_\  \_____/ 


     execution: local
        script: /scripts/script.js
        output: -

     scenarios: (100.00%) 1 scenario, 500 max VUs, 2m45s max duration (incl. graceful stop):
              * ramping: Up to 500 looping VUs for 2m40s over 7 stages (gracefulRampDown: 5s, gracefulStop: 30s)


running (0m01.0s), 004/500 VUs, 6 complete and 0 interrupted iterations
ramping   [   1% ] 004/500 VUs  0m01.0s/2m40.0s

running (0m02.0s), 009/500 VUs, 36 complete and 0 interrupted iterations
ramping   [   1% ] 009/500 VUs  0m02.0s/2m40.0s

running (0m03.0s), 014/500 VUs, 91 complete and 0 interrupted iterations
ramping   [   2% ] 014/500 VUs  0m03.0s/2m40.0s

running (0m04.0s), 019/500 VUs, 171 complete and 0 interrupted iterations
ramping   [   2% ] 019/500 VUs  0m04.0s/2m40.0s

running (0m05.0s), 024/500 VUs, 276 complete and 0 interrupted iterations
ramping   [   3% ] 024/500 VUs  0m05.0s/2m40.0s

running (0m06.0s), 029/500 VUs, 406 complete and 0 interrupted iterations
ramping   [   4% ] 029/500 VUs  0m06.0s/2m40.0s

running (0m07.0s), 034/500 VUs, 561 complete and 0 interrupted iterations
ramping   [   4% ] 034/500 VUs  0m07.0s/2m40.0s

running (0m08.0s), 039/500 VUs, 741 complete and 0 interrupted iterations
ramping   [   5% ] 039/500 VUs  0m08.0s/2m40.0s

running (0m09.0s), 044/500 VUs, 946 complete and 0 interrupted iterations
ramping   [   6% ] 044/500 VUs  0m09.0s/2m40.0s

running (0m10.0s), 049/500 VUs, 1166 complete and 0 interrupted iterations
ramping   [   6% ] 049/500 VUs  0m10.0s/2m40.0s

running (0m11.0s), 054/500 VUs, 1421 complete and 0 interrupted iterations
ramping   [   7% ] 054/500 VUs  0m11.0s/2m40.0s

running (0m12.0s), 059/500 VUs, 1701 complete and 0 interrupted iterations
ramping   [   7% ] 059/500 VUs  0m12.0s/2m40.0s

running (0m13.0s), 064/500 VUs, 2002 complete and 0 interrupted iterations
ramping   [   8% ] 064/500 VUs  0m13.0s/2m40.0s

running (0m14.0s), 069/500 VUs, 2326 complete and 0 interrupted iterations
ramping   [   9% ] 069/500 VUs  0m14.0s/2m40.0s

running (0m15.0s), 074/500 VUs, 2681 complete and 0 interrupted iterations
ramping   [   9% ] 074/500 VUs  0m15.0s/2m40.0s

running (0m16.0s), 079/500 VUs, 3061 complete and 0 interrupted iterations
ramping   [  10% ] 079/500 VUs  0m16.0s/2m40.0s

running (0m17.0s), 084/500 VUs, 3459 complete and 0 interrupted iterations
ramping   [  11% ] 084/500 VUs  0m17.0s/2m40.0s

running (0m18.0s), 089/500 VUs, 3889 complete and 0 interrupted iterations
ramping   [  11% ] 089/500 VUs  0m18.0s/2m40.0s

running (0m19.0s), 094/500 VUs, 4340 complete and 0 interrupted iterations
ramping   [  12% ] 094/500 VUs  0m19.0s/2m40.0s

running (0m20.0s), 099/500 VUs, 4818 complete and 0 interrupted iterations
ramping   [  12% ] 099/500 VUs  0m20.0s/2m40.0s

running (0m21.0s), 100/500 VUs, 5308 complete and 0 interrupted iterations
ramping   [  13% ] 100/500 VUs  0m21.0s/2m40.0s

running (0m22.0s), 100/500 VUs, 5795 complete and 0 interrupted iterations
ramping   [  14% ] 100/500 VUs  0m22.0s/2m40.0s

running (0m23.0s), 100/500 VUs, 6295 complete and 0 interrupted iterations
ramping   [  14% ] 100/500 VUs  0m23.0s/2m40.0s

running (0m24.0s), 100/500 VUs, 6781 complete and 0 interrupted iterations
ramping   [  15% ] 100/500 VUs  0m24.0s/2m40.0s

running (0m25.0s), 100/500 VUs, 7281 complete and 0 interrupted iterations
ramping   [  16% ] 100/500 VUs  0m25.0s/2m40.0s

running (0m26.0s), 100/500 VUs, 7780 complete and 0 interrupted iterations
ramping   [  16% ] 100/500 VUs  0m26.0s/2m40.0s

running (0m27.0s), 100/500 VUs, 8267 complete and 0 interrupted iterations
ramping   [  17% ] 100/500 VUs  0m27.0s/2m40.0s

running (0m28.0s), 100/500 VUs, 8767 complete and 0 interrupted iterations
ramping   [  17% ] 100/500 VUs  0m28.0s/2m40.0s

running (0m29.0s), 100/500 VUs, 9267 complete and 0 interrupted iterations
ramping   [  18% ] 100/500 VUs  0m29.0s/2m40.0s

running (0m30.0s), 100/500 VUs, 9767 complete and 0 interrupted iterations
ramping   [  19% ] 100/500 VUs  0m30.0s/2m40.0s

running (0m31.0s), 100/500 VUs, 10252 complete and 0 interrupted iterations
ramping   [  19% ] 100/500 VUs  0m31.0s/2m40.0s

running (0m32.0s), 100/500 VUs, 10742 complete and 0 interrupted iterations
ramping   [  20% ] 100/500 VUs  0m32.0s/2m40.0s

running (0m33.0s), 100/500 VUs, 11242 complete and 0 interrupted iterations
ramping   [  21% ] 100/500 VUs  0m33.0s/2m40.0s

running (0m34.0s), 100/500 VUs, 11742 complete and 0 interrupted iterations
ramping   [  21% ] 100/500 VUs  0m34.0s/2m40.0s

running (0m35.0s), 100/500 VUs, 12223 complete and 0 interrupted iterations
ramping   [  22% ] 100/500 VUs  0m35.0s/2m40.0s

running (0m36.0s), 100/500 VUs, 12717 complete and 0 interrupted iterations
ramping   [  22% ] 100/500 VUs  0m36.0s/2m40.0s

running (0m37.0s), 100/500 VUs, 13213 complete and 0 interrupted iterations
ramping   [  23% ] 100/500 VUs  0m37.0s/2m40.0s

running (0m38.0s), 100/500 VUs, 13708 complete and 0 interrupted iterations
ramping   [  24% ] 100/500 VUs  0m38.0s/2m40.0s

running (0m39.0s), 100/500 VUs, 14195 complete and 0 interrupted iterations
ramping   [  24% ] 100/500 VUs  0m39.0s/2m40.0s

running (0m40.0s), 100/500 VUs, 14695 complete and 0 interrupted iterations
ramping   [  25% ] 100/500 VUs  0m40.0s/2m40.0s

running (0m41.0s), 100/500 VUs, 15195 complete and 0 interrupted iterations
ramping   [  26% ] 100/500 VUs  0m41.0s/2m40.0s

running (0m42.0s), 100/500 VUs, 15695 complete and 0 interrupted iterations
ramping   [  26% ] 100/500 VUs  0m42.0s/2m40.0s

running (0m43.0s), 100/500 VUs, 16195 complete and 0 interrupted iterations
ramping   [  27% ] 100/500 VUs  0m43.0s/2m40.0s

running (0m44.0s), 100/500 VUs, 16681 complete and 0 interrupted iterations
ramping   [  27% ] 100/500 VUs  0m44.0s/2m40.0s

running (0m45.0s), 100/500 VUs, 17181 complete and 0 interrupted iterations
ramping   [  28% ] 100/500 VUs  0m45.0s/2m40.0s

running (0m46.0s), 100/500 VUs, 17681 complete and 0 interrupted iterations
ramping   [  29% ] 100/500 VUs  0m46.0s/2m40.0s

running (0m47.0s), 100/500 VUs, 18181 complete and 0 interrupted iterations
ramping   [  29% ] 100/500 VUs  0m47.0s/2m40.0s

running (0m48.0s), 100/500 VUs, 18667 complete and 0 interrupted iterations
ramping   [  30% ] 100/500 VUs  0m48.0s/2m40.0s

running (0m49.0s), 100/500 VUs, 19167 complete and 0 interrupted iterations
ramping   [  31% ] 100/500 VUs  0m49.0s/2m40.0s

running (0m50.0s), 100/500 VUs, 19667 complete and 0 interrupted iterations
ramping   [  31% ] 100/500 VUs  0m50.0s/2m40.0s

running (0m51.0s), 109/500 VUs, 20158 complete and 0 interrupted iterations
ramping   [  32% ] 109/500 VUs  0m51.0s/2m40.0s

running (0m52.0s), 119/500 VUs, 20723 complete and 0 interrupted iterations
ramping   [  32% ] 119/500 VUs  0m52.0s/2m40.0s

running (0m53.0s), 129/500 VUs, 21338 complete and 0 interrupted iterations
ramping   [  33% ] 129/500 VUs  0m53.0s/2m40.0s

running (0m54.0s), 139/500 VUs, 21990 complete and 0 interrupted iterations
ramping   [  34% ] 139/500 VUs  0m54.0s/2m40.0s

running (0m55.0s), 149/500 VUs, 22693 complete and 0 interrupted iterations
ramping   [  34% ] 149/500 VUs  0m55.0s/2m40.0s

running (0m56.0s), 159/500 VUs, 23458 complete and 0 interrupted iterations
ramping   [  35% ] 159/500 VUs  0m56.0s/2m40.0s

running (0m57.0s), 169/500 VUs, 24272 complete and 0 interrupted iterations
ramping   [  36% ] 169/500 VUs  0m57.0s/2m40.0s

running (0m58.0s), 179/500 VUs, 25132 complete and 0 interrupted iterations
ramping   [  36% ] 179/500 VUs  0m58.0s/2m40.0s

running (0m59.0s), 189/500 VUs, 26037 complete and 0 interrupted iterations
ramping   [  37% ] 189/500 VUs  0m59.0s/2m40.0s

running (1m00.0s), 199/500 VUs, 26997 complete and 0 interrupted iterations
ramping   [  37% ] 199/500 VUs  1m00.0s/2m40.0s

running (1m01.0s), 209/500 VUs, 28012 complete and 0 interrupted iterations
ramping   [  38% ] 209/500 VUs  1m01.0s/2m40.0s

running (1m02.0s), 219/500 VUs, 29052 complete and 0 interrupted iterations
ramping   [  39% ] 219/500 VUs  1m02.0s/2m40.0s

running (1m03.0s), 229/500 VUs, 30167 complete and 0 interrupted iterations
ramping   [  39% ] 229/500 VUs  1m03.0s/2m40.0s

running (1m04.0s), 239/500 VUs, 31324 complete and 0 interrupted iterations
ramping   [  40% ] 239/500 VUs  1m04.0s/2m40.0s

running (1m05.0s), 249/500 VUs, 32539 complete and 0 interrupted iterations
ramping   [  41% ] 249/500 VUs  1m05.0s/2m40.0s

running (1m06.0s), 259/500 VUs, 33784 complete and 0 interrupted iterations
ramping   [  41% ] 259/500 VUs  1m06.0s/2m40.0s

running (1m07.0s), 269/500 VUs, 35099 complete and 0 interrupted iterations
ramping   [  42% ] 269/500 VUs  1m07.0s/2m40.0s

running (1m08.0s), 279/500 VUs, 36449 complete and 0 interrupted iterations
ramping   [  42% ] 279/500 VUs  1m08.0s/2m40.0s

running (1m09.0s), 289/500 VUs, 37864 complete and 0 interrupted iterations
ramping   [  43% ] 289/500 VUs  1m09.0s/2m40.0s

running (1m10.0s), 299/500 VUs, 39329 complete and 0 interrupted iterations
ramping   [  44% ] 299/500 VUs  1m10.0s/2m40.0s

running (1m11.0s), 300/500 VUs, 40794 complete and 0 interrupted iterations
ramping   [  44% ] 300/500 VUs  1m11.0s/2m40.0s

running (1m12.0s), 300/500 VUs, 42291 complete and 0 interrupted iterations
ramping   [  45% ] 300/500 VUs  1m12.0s/2m40.0s

running (1m13.0s), 300/500 VUs, 43763 complete and 0 interrupted iterations
ramping   [  46% ] 300/500 VUs  1m13.0s/2m40.0s

running (1m14.0s), 300/500 VUs, 45248 complete and 0 interrupted iterations
ramping   [  46% ] 300/500 VUs  1m14.0s/2m40.0s

running (1m15.0s), 300/500 VUs, 46741 complete and 0 interrupted iterations
ramping   [  47% ] 300/500 VUs  1m15.0s/2m40.0s

running (1m16.0s), 300/500 VUs, 48231 complete and 0 interrupted iterations
ramping   [  47% ] 300/500 VUs  1m16.0s/2m40.0s

running (1m17.0s), 300/500 VUs, 49682 complete and 0 interrupted iterations
ramping   [  48% ] 300/500 VUs  1m17.0s/2m40.0s

running (1m18.0s), 300/500 VUs, 51178 complete and 0 interrupted iterations
ramping   [  49% ] 300/500 VUs  1m18.0s/2m40.0s

running (1m19.0s), 300/500 VUs, 52639 complete and 0 interrupted iterations
ramping   [  49% ] 300/500 VUs  1m19.0s/2m40.0s

running (1m20.0s), 300/500 VUs, 54139 complete and 0 interrupted iterations
ramping   [  50% ] 300/500 VUs  1m20.0s/2m40.0s

running (1m21.0s), 300/500 VUs, 55625 complete and 0 interrupted iterations
ramping   [  51% ] 300/500 VUs  1m21.0s/2m40.0s

running (1m22.0s), 300/500 VUs, 57123 complete and 0 interrupted iterations
ramping   [  51% ] 300/500 VUs  1m22.0s/2m40.0s

running (1m23.0s), 300/500 VUs, 58594 complete and 0 interrupted iterations
ramping   [  52% ] 300/500 VUs  1m23.0s/2m40.0s

running (1m24.0s), 300/500 VUs, 60068 complete and 0 interrupted iterations
ramping   [  52% ] 300/500 VUs  1m24.0s/2m40.0s

running (1m25.0s), 300/500 VUs, 61547 complete and 0 interrupted iterations
ramping   [  53% ] 300/500 VUs  1m25.0s/2m40.0s

running (1m26.0s), 300/500 VUs, 63047 complete and 0 interrupted iterations
ramping   [  54% ] 300/500 VUs  1m26.0s/2m40.0s

running (1m27.0s), 300/500 VUs, 64547 complete and 0 interrupted iterations
ramping   [  54% ] 300/500 VUs  1m27.0s/2m40.0s

running (1m28.0s), 300/500 VUs, 66047 complete and 0 interrupted iterations
ramping   [  55% ] 300/500 VUs  1m28.0s/2m40.0s

running (1m29.0s), 300/500 VUs, 67528 complete and 0 interrupted iterations
ramping   [  56% ] 300/500 VUs  1m29.0s/2m40.0s

running (1m30.0s), 300/500 VUs, 69028 complete and 0 interrupted iterations
ramping   [  56% ] 300/500 VUs  1m30.0s/2m40.0s

running (1m31.0s), 300/500 VUs, 70528 complete and 0 interrupted iterations
ramping   [  57% ] 300/500 VUs  1m31.0s/2m40.0s

running (1m32.0s), 300/500 VUs, 72026 complete and 0 interrupted iterations
ramping   [  57% ] 300/500 VUs  1m32.0s/2m40.0s

running (1m33.0s), 300/500 VUs, 73491 complete and 0 interrupted iterations
ramping   [  58% ] 300/500 VUs  1m33.0s/2m40.0s

running (1m34.0s), 300/500 VUs, 74931 complete and 0 interrupted iterations
ramping   [  59% ] 300/500 VUs  1m34.0s/2m40.0s

running (1m35.0s), 300/500 VUs, 76431 complete and 0 interrupted iterations
ramping   [  59% ] 300/500 VUs  1m35.0s/2m40.0s

running (1m36.0s), 300/500 VUs, 77931 complete and 0 interrupted iterations
ramping   [  60% ] 300/500 VUs  1m36.0s/2m40.0s

running (1m37.0s), 300/500 VUs, 79387 complete and 0 interrupted iterations
ramping   [  61% ] 300/500 VUs  1m37.0s/2m40.0s

running (1m38.0s), 300/500 VUs, 80839 complete and 0 interrupted iterations
ramping   [  61% ] 300/500 VUs  1m38.0s/2m40.0s

running (1m39.0s), 300/500 VUs, 82339 complete and 0 interrupted iterations
ramping   [  62% ] 300/500 VUs  1m39.0s/2m40.0s

running (1m40.0s), 300/500 VUs, 83839 complete and 0 interrupted iterations
ramping   [  62% ] 300/500 VUs  1m40.0s/2m40.0s

running (1m41.0s), 309/500 VUs, 85353 complete and 0 interrupted iterations
ramping   [  63% ] 309/500 VUs  1m41.0s/2m40.0s

running (1m42.0s), 319/500 VUs, 86892 complete and 0 interrupted iterations
ramping   [  64% ] 319/500 VUs  1m42.0s/2m40.0s

running (1m43.0s), 329/500 VUs, 88461 complete and 0 interrupted iterations
ramping   [  64% ] 329/500 VUs  1m43.0s/2m40.0s

running (1m44.0s), 339/500 VUs, 90126 complete and 0 interrupted iterations
ramping   [  65% ] 339/500 VUs  1m44.0s/2m40.0s

running (1m45.0s), 349/500 VUs, 91841 complete and 0 interrupted iterations
ramping   [  66% ] 349/500 VUs  1m45.0s/2m40.0s

running (1m46.0s), 359/500 VUs, 93606 complete and 0 interrupted iterations
ramping   [  66% ] 359/500 VUs  1m46.0s/2m40.0s

running (1m47.0s), 369/500 VUs, 95410 complete and 0 interrupted iterations
ramping   [  67% ] 369/500 VUs  1m47.0s/2m40.0s

running (1m48.0s), 379/500 VUs, 97268 complete and 0 interrupted iterations
ramping   [  67% ] 379/500 VUs  1m48.0s/2m40.0s

running (1m49.0s), 389/500 VUs, 99183 complete and 0 interrupted iterations
ramping   [  68% ] 389/500 VUs  1m49.0s/2m40.0s

running (1m50.0s), 399/500 VUs, 101061 complete and 0 interrupted iterations
ramping   [  69% ] 399/500 VUs  1m50.0s/2m40.0s

running (1m51.0s), 409/500 VUs, 103049 complete and 0 interrupted iterations
ramping   [  69% ] 409/500 VUs  1m51.0s/2m40.0s

running (1m52.0s), 419/500 VUs, 105114 complete and 0 interrupted iterations
ramping   [  70% ] 419/500 VUs  1m52.0s/2m40.0s

running (1m53.0s), 429/500 VUs, 107215 complete and 0 interrupted iterations
ramping   [  71% ] 429/500 VUs  1m53.0s/2m40.0s

running (1m54.0s), 439/500 VUs, 109322 complete and 0 interrupted iterations
ramping   [  71% ] 439/500 VUs  1m54.0s/2m40.0s

running (1m55.0s), 449/500 VUs, 111519 complete and 0 interrupted iterations
ramping   [  72% ] 449/500 VUs  1m55.0s/2m40.0s

running (1m56.0s), 459/500 VUs, 113762 complete and 0 interrupted iterations
ramping   [  72% ] 459/500 VUs  1m56.0s/2m40.0s

running (1m57.0s), 469/500 VUs, 116075 complete and 0 interrupted iterations
ramping   [  73% ] 469/500 VUs  1m57.0s/2m40.0s

running (1m58.0s), 479/500 VUs, 118439 complete and 0 interrupted iterations
ramping   [  74% ] 479/500 VUs  1m58.0s/2m40.0s

running (1m59.0s), 489/500 VUs, 120844 complete and 0 interrupted iterations
ramping   [  74% ] 489/500 VUs  1m59.0s/2m40.0s

running (2m00.0s), 499/500 VUs, 123245 complete and 0 interrupted iterations
ramping   [  75% ] 499/500 VUs  2m00.0s/2m40.0s

running (2m01.0s), 500/500 VUs, 125741 complete and 0 interrupted iterations
ramping   [  76% ] 500/500 VUs  2m01.0s/2m40.0s

running (2m02.0s), 500/500 VUs, 128214 complete and 0 interrupted iterations
ramping   [  76% ] 500/500 VUs  2m02.0s/2m40.0s

running (2m03.0s), 500/500 VUs, 130668 complete and 0 interrupted iterations
ramping   [  77% ] 500/500 VUs  2m03.0s/2m40.0s

running (2m04.0s), 500/500 VUs, 133155 complete and 0 interrupted iterations
ramping   [  77% ] 500/500 VUs  2m04.0s/2m40.0s

running (2m05.0s), 500/500 VUs, 135614 complete and 0 interrupted iterations
ramping   [  78% ] 500/500 VUs  2m05.0s/2m40.0s

running (2m06.0s), 500/500 VUs, 138113 complete and 0 interrupted iterations
ramping   [  79% ] 500/500 VUs  2m06.0s/2m40.0s

running (2m07.0s), 500/500 VUs, 140556 complete and 0 interrupted iterations
ramping   [  79% ] 500/500 VUs  2m07.0s/2m40.0s

running (2m08.0s), 500/500 VUs, 143019 complete and 0 interrupted iterations
ramping   [  80% ] 500/500 VUs  2m08.0s/2m40.0s

running (2m09.0s), 500/500 VUs, 145519 complete and 0 interrupted iterations
ramping   [  81% ] 500/500 VUs  2m09.0s/2m40.0s

running (2m10.0s), 500/500 VUs, 148008 complete and 0 interrupted iterations
ramping   [  81% ] 500/500 VUs  2m10.0s/2m40.0s

running (2m11.0s), 500/500 VUs, 150426 complete and 0 interrupted iterations
ramping   [  82% ] 500/500 VUs  2m11.0s/2m40.0s

running (2m12.0s), 500/500 VUs, 152870 complete and 0 interrupted iterations
ramping   [  82% ] 500/500 VUs  2m12.0s/2m40.0s

running (2m13.0s), 500/500 VUs, 155370 complete and 0 interrupted iterations
ramping   [  83% ] 500/500 VUs  2m13.0s/2m40.0s

running (2m14.0s), 500/500 VUs, 157870 complete and 0 interrupted iterations
ramping   [  84% ] 500/500 VUs  2m14.0s/2m40.0s

running (2m15.0s), 500/500 VUs, 160364 complete and 0 interrupted iterations
ramping   [  84% ] 500/500 VUs  2m15.0s/2m40.0s

running (2m16.0s), 500/500 VUs, 162858 complete and 0 interrupted iterations
ramping   [  85% ] 500/500 VUs  2m16.0s/2m40.0s

running (2m17.0s), 500/500 VUs, 165358 complete and 0 interrupted iterations
ramping   [  86% ] 500/500 VUs  2m17.0s/2m40.0s

running (2m18.0s), 500/500 VUs, 167837 complete and 0 interrupted iterations
ramping   [  86% ] 500/500 VUs  2m18.0s/2m40.0s

running (2m19.0s), 500/500 VUs, 170249 complete and 0 interrupted iterations
ramping   [  87% ] 500/500 VUs  2m19.0s/2m40.0s

running (2m20.0s), 500/500 VUs, 172729 complete and 0 interrupted iterations
ramping   [  87% ] 500/500 VUs  2m20.0s/2m40.0s

running (2m21.0s), 500/500 VUs, 175217 complete and 0 interrupted iterations
ramping   [  88% ] 500/500 VUs  2m21.0s/2m40.0s

running (2m22.0s), 500/500 VUs, 177662 complete and 0 interrupted iterations
ramping   [  89% ] 500/500 VUs  2m22.0s/2m40.0s

running (2m23.0s), 500/500 VUs, 180113 complete and 0 interrupted iterations
ramping   [  89% ] 500/500 VUs  2m23.0s/2m40.0s

running (2m24.0s), 500/500 VUs, 182613 complete and 0 interrupted iterations
ramping   [  90% ] 500/500 VUs  2m24.0s/2m40.0s

running (2m25.0s), 500/500 VUs, 185042 complete and 0 interrupted iterations
ramping   [  91% ] 500/500 VUs  2m25.0s/2m40.0s

running (2m26.0s), 500/500 VUs, 187526 complete and 0 interrupted iterations
ramping   [  91% ] 500/500 VUs  2m26.0s/2m40.0s

running (2m27.0s), 500/500 VUs, 190023 complete and 0 interrupted iterations
ramping   [  92% ] 500/500 VUs  2m27.0s/2m40.0s

running (2m28.0s), 500/500 VUs, 192483 complete and 0 interrupted iterations
ramping   [  92% ] 500/500 VUs  2m28.0s/2m40.0s

running (2m29.0s), 500/500 VUs, 194944 complete and 0 interrupted iterations
ramping   [  93% ] 500/500 VUs  2m29.0s/2m40.0s

running (2m30.0s), 500/500 VUs, 197444 complete and 0 interrupted iterations
ramping   [  94% ] 500/500 VUs  2m30.0s/2m40.0s

running (2m31.0s), 458/500 VUs, 199866 complete and 0 interrupted iterations
ramping   [  94% ] 458/500 VUs  2m31.0s/2m40.0s

running (2m32.0s), 407/500 VUs, 201995 complete and 0 interrupted iterations
ramping   [  95% ] 407/500 VUs  2m32.0s/2m40.0s

running (2m33.0s), 357/500 VUs, 203932 complete and 0 interrupted iterations
ramping   [  96% ] 357/500 VUs  2m33.0s/2m40.0s

running (2m34.0s), 307/500 VUs, 205616 complete and 0 interrupted iterations
ramping   [  96% ] 307/500 VUs  2m34.0s/2m40.0s

running (2m35.0s), 258/500 VUs, 207046 complete and 0 interrupted iterations
ramping   [  97% ] 258/500 VUs  2m35.0s/2m40.0s

running (2m36.0s), 209/500 VUs, 208205 complete and 0 interrupted iterations
ramping   [  97% ] 209/500 VUs  2m36.0s/2m40.0s

running (2m37.0s), 157/500 VUs, 209138 complete and 0 interrupted iterations
ramping   [  98% ] 157/500 VUs  2m37.0s/2m40.0s

running (2m38.0s), 107/500 VUs, 209818 complete and 0 interrupted iterations
ramping   [  99% ] 107/500 VUs  2m38.0s/2m40.0s

running (2m39.0s), 056/500 VUs, 210242 complete and 0 interrupted iterations
ramping   [  99% ] 056/500 VUs  2m39.0s/2m40.0s

running (2m40.0s), 006/500 VUs, 210429 complete and 0 interrupted iterations
ramping   [ 100% ] 006/500 VUs  2m40.0s/2m40.0s


  █ THRESHOLDS 

    http_req_failed
    ✓ 'rate<0.05' rate=0.00%


  █ TOTAL RESULTS 

    checks_total.......: 210435  1313.962106/s
    checks_succeeded...: 100.00% 210435 out of 210435
    checks_failed......: 0.00%   0 out of 210435

    ✓ status is 200

    HTTP
    http_req_duration..............: avg=201.96ms min=198.53ms med=201.57ms max=231.69ms p(90)=203.14ms p(95)=204.31ms
      { expected_response:true }...: avg=201.96ms min=198.53ms med=201.57ms max=231.69ms p(90)=203.14ms p(95)=204.31ms
    http_req_failed................: 0.00%  0 out of 210435
    http_reqs......................: 210435 1313.962106/s

    EXECUTION
    iteration_duration.............: avg=202.07ms min=200.66ms med=201.67ms max=244.18ms p(90)=203.29ms p(95)=204.48ms
    iterations.....................: 210435 1313.962106/s
    vus............................: 6      min=4           max=500
    vus_max........................: 500    min=500         max=500

    NETWORK
    data_received..................: 24 MB  151 kB/s
    data_sent......................: 15 MB  91 kB/s




running (2m40.2s), 000/500 VUs, 210435 complete and 0 interrupted iterations
ramping ✓ [ 100% ] 000/500 VUs  2m40s
