
         /\      Grafana   /‾‾/  
    /\  /  \     |\  __   /  /   
   /  \/    \    | |/ /  /   ‾‾\ 
  /          \   |   (  |  (‾)  |
 / __________ \  |_|\_\  \_____/ 


     execution: local
        script: /scripts/script.js
        output: -

     scenarios: (100.00%) 1 scenario, 500 max VUs, 2m45s max duration (incl. graceful stop):
              * ramping: Up to 500 looping VUs for 2m40s over 7 stages (gracefulRampDown: 5s, gracefulStop: 30s)


running (0m01.0s), 004/500 VUs, 6 complete and 0 interrupted iterations
ramping   [   1% ] 004/500 VUs  0m01.0s/2m40.0s

running (0m02.0s), 009/500 VUs, 36 complete and 0 interrupted iterations
ramping   [   1% ] 009/500 VUs  0m02.0s/2m40.0s

running (0m03.0s), 014/500 VUs, 85 complete and 0 interrupted iterations
ramping   [   2% ] 014/500 VUs  0m03.0s/2m40.0s

running (0m04.0s), 019/500 VUs, 135 complete and 0 interrupted iterations
ramping   [   2% ] 019/500 VUs  0m04.0s/2m40.0s

running (0m05.0s), 024/500 VUs, 185 complete and 0 interrupted iterations
ramping   [   3% ] 024/500 VUs  0m05.0s/2m40.0s

running (0m06.0s), 029/500 VUs, 235 complete and 0 interrupted iterations
ramping   [   4% ] 029/500 VUs  0m06.0s/2m40.0s

running (0m07.0s), 034/500 VUs, 285 complete and 0 interrupted iterations
ramping   [   4% ] 034/500 VUs  0m07.0s/2m40.0s

running (0m08.0s), 039/500 VUs, 335 complete and 0 interrupted iterations
ramping   [   5% ] 039/500 VUs  0m08.0s/2m40.0s

running (0m09.0s), 044/500 VUs, 385 complete and 0 interrupted iterations
ramping   [   6% ] 044/500 VUs  0m09.0s/2m40.0s

running (0m10.0s), 049/500 VUs, 435 complete and 0 interrupted iterations
ramping   [   6% ] 049/500 VUs  0m10.0s/2m40.0s

running (0m11.0s), 054/500 VUs, 485 complete and 0 interrupted iterations
ramping   [   7% ] 054/500 VUs  0m11.0s/2m40.0s

running (0m12.0s), 059/500 VUs, 535 complete and 0 interrupted iterations
ramping   [   7% ] 059/500 VUs  0m12.0s/2m40.0s

running (0m13.0s), 064/500 VUs, 585 complete and 0 interrupted iterations
ramping   [   8% ] 064/500 VUs  0m13.0s/2m40.0s

running (0m14.0s), 069/500 VUs, 635 complete and 0 interrupted iterations
ramping   [   9% ] 069/500 VUs  0m14.0s/2m40.0s

running (0m15.0s), 074/500 VUs, 685 complete and 0 interrupted iterations
ramping   [   9% ] 074/500 VUs  0m15.0s/2m40.0s

running (0m16.0s), 079/500 VUs, 735 complete and 0 interrupted iterations
ramping   [  10% ] 079/500 VUs  0m16.0s/2m40.0s

running (0m17.0s), 084/500 VUs, 785 complete and 0 interrupted iterations
ramping   [  11% ] 084/500 VUs  0m17.0s/2m40.0s

running (0m18.0s), 089/500 VUs, 835 complete and 0 interrupted iterations
ramping   [  11% ] 089/500 VUs  0m18.0s/2m40.0s

running (0m19.0s), 094/500 VUs, 885 complete and 0 interrupted iterations
ramping   [  12% ] 094/500 VUs  0m19.0s/2m40.0s

running (0m20.0s), 099/500 VUs, 935 complete and 0 interrupted iterations
ramping   [  12% ] 099/500 VUs  0m20.0s/2m40.0s

running (0m21.0s), 100/500 VUs, 985 complete and 0 interrupted iterations
ramping   [  13% ] 100/500 VUs  0m21.0s/2m40.0s

running (0m22.0s), 100/500 VUs, 1035 complete and 0 interrupted iterations
ramping   [  14% ] 100/500 VUs  0m22.0s/2m40.0s

running (0m23.0s), 100/500 VUs, 1085 complete and 0 interrupted iterations
ramping   [  14% ] 100/500 VUs  0m23.0s/2m40.0s

running (0m24.0s), 100/500 VUs, 1135 complete and 0 interrupted iterations
ramping   [  15% ] 100/500 VUs  0m24.0s/2m40.0s

running (0m25.0s), 100/500 VUs, 1185 complete and 0 interrupted iterations
ramping   [  16% ] 100/500 VUs  0m25.0s/2m40.0s

running (0m26.0s), 100/500 VUs, 1235 complete and 0 interrupted iterations
ramping   [  16% ] 100/500 VUs  0m26.0s/2m40.0s

running (0m27.0s), 100/500 VUs, 1285 complete and 0 interrupted iterations
ramping   [  17% ] 100/500 VUs  0m27.0s/2m40.0s

running (0m28.0s), 100/500 VUs, 1335 complete and 0 interrupted iterations
ramping   [  17% ] 100/500 VUs  0m28.0s/2m40.0s

running (0m29.0s), 100/500 VUs, 1385 complete and 0 interrupted iterations
ramping   [  18% ] 100/500 VUs  0m29.0s/2m40.0s

running (0m30.0s), 100/500 VUs, 1435 complete and 0 interrupted iterations
ramping   [  19% ] 100/500 VUs  0m30.0s/2m40.0s

running (0m31.0s), 100/500 VUs, 1485 complete and 0 interrupted iterations
ramping   [  19% ] 100/500 VUs  0m31.0s/2m40.0s

running (0m32.0s), 100/500 VUs, 1529 complete and 0 interrupted iterations
ramping   [  20% ] 100/500 VUs  0m32.0s/2m40.0s

running (0m33.0s), 100/500 VUs, 1575 complete and 0 interrupted iterations
ramping   [  21% ] 100/500 VUs  0m33.0s/2m40.0s

running (0m34.0s), 100/500 VUs, 1625 complete and 0 interrupted iterations
ramping   [  21% ] 100/500 VUs  0m34.0s/2m40.0s

running (0m35.0s), 100/500 VUs, 1675 complete and 0 interrupted iterations
ramping   [  22% ] 100/500 VUs  0m35.0s/2m40.0s

running (0m36.0s), 100/500 VUs, 1725 complete and 0 interrupted iterations
ramping   [  22% ] 100/500 VUs  0m36.0s/2m40.0s

running (0m37.0s), 100/500 VUs, 1775 complete and 0 interrupted iterations
ramping   [  23% ] 100/500 VUs  0m37.0s/2m40.0s

running (0m38.0s), 100/500 VUs, 1825 complete and 0 interrupted iterations
ramping   [  24% ] 100/500 VUs  0m38.0s/2m40.0s

running (0m39.0s), 100/500 VUs, 1875 complete and 0 interrupted iterations
ramping   [  24% ] 100/500 VUs  0m39.0s/2m40.0s

running (0m40.0s), 100/500 VUs, 1925 complete and 0 interrupted iterations
ramping   [  25% ] 100/500 VUs  0m40.0s/2m40.0s

running (0m41.0s), 100/500 VUs, 1975 complete and 0 interrupted iterations
ramping   [  26% ] 100/500 VUs  0m41.0s/2m40.0s

running (0m42.0s), 100/500 VUs, 2025 complete and 0 interrupted iterations
ramping   [  26% ] 100/500 VUs  0m42.0s/2m40.0s

running (0m43.0s), 100/500 VUs, 2075 complete and 0 interrupted iterations
ramping   [  27% ] 100/500 VUs  0m43.0s/2m40.0s

running (0m44.0s), 100/500 VUs, 2125 complete and 0 interrupted iterations
ramping   [  27% ] 100/500 VUs  0m44.0s/2m40.0s

running (0m45.0s), 100/500 VUs, 2175 complete and 0 interrupted iterations
ramping   [  28% ] 100/500 VUs  0m45.0s/2m40.0s

running (0m46.0s), 100/500 VUs, 2225 complete and 0 interrupted iterations
ramping   [  29% ] 100/500 VUs  0m46.0s/2m40.0s

running (0m47.0s), 100/500 VUs, 2275 complete and 0 interrupted iterations
ramping   [  29% ] 100/500 VUs  0m47.0s/2m40.0s

running (0m48.0s), 100/500 VUs, 2325 complete and 0 interrupted iterations
ramping   [  30% ] 100/500 VUs  0m48.0s/2m40.0s

running (0m49.0s), 100/500 VUs, 2375 complete and 0 interrupted iterations
ramping   [  31% ] 100/500 VUs  0m49.0s/2m40.0s

running (0m50.0s), 100/500 VUs, 2425 complete and 0 interrupted iterations
ramping   [  31% ] 100/500 VUs  0m50.0s/2m40.0s

running (0m51.0s), 109/500 VUs, 2475 complete and 0 interrupted iterations
ramping   [  32% ] 109/500 VUs  0m51.0s/2m40.0s

running (0m52.0s), 119/500 VUs, 2525 complete and 0 interrupted iterations
ramping   [  32% ] 119/500 VUs  0m52.0s/2m40.0s

running (0m53.0s), 129/500 VUs, 2575 complete and 0 interrupted iterations
ramping   [  33% ] 129/500 VUs  0m53.0s/2m40.0s

running (0m54.0s), 139/500 VUs, 2625 complete and 0 interrupted iterations
ramping   [  34% ] 139/500 VUs  0m54.0s/2m40.0s

running (0m55.0s), 149/500 VUs, 2675 complete and 0 interrupted iterations
ramping   [  34% ] 149/500 VUs  0m55.0s/2m40.0s

running (0m56.0s), 159/500 VUs, 2725 complete and 0 interrupted iterations
ramping   [  35% ] 159/500 VUs  0m56.0s/2m40.0s

running (0m57.0s), 169/500 VUs, 2775 complete and 0 interrupted iterations
ramping   [  36% ] 169/500 VUs  0m57.0s/2m40.0s

running (0m58.0s), 179/500 VUs, 2825 complete and 0 interrupted iterations
ramping   [  36% ] 179/500 VUs  0m58.0s/2m40.0s

running (0m59.0s), 189/500 VUs, 2875 complete and 0 interrupted iterations
ramping   [  37% ] 189/500 VUs  0m59.0s/2m40.0s

running (1m00.0s), 199/500 VUs, 2925 complete and 0 interrupted iterations
ramping   [  37% ] 199/500 VUs  1m00.0s/2m40.0s

running (1m01.0s), 209/500 VUs, 2975 complete and 0 interrupted iterations
ramping   [  38% ] 209/500 VUs  1m01.0s/2m40.0s

running (1m02.0s), 219/500 VUs, 3025 complete and 0 interrupted iterations
ramping   [  39% ] 219/500 VUs  1m02.0s/2m40.0s

running (1m03.0s), 229/500 VUs, 3075 complete and 0 interrupted iterations
ramping   [  39% ] 229/500 VUs  1m03.0s/2m40.0s

running (1m04.0s), 239/500 VUs, 3125 complete and 0 interrupted iterations
ramping   [  40% ] 239/500 VUs  1m04.0s/2m40.0s

running (1m05.0s), 249/500 VUs, 3168 complete and 0 interrupted iterations
ramping   [  41% ] 249/500 VUs  1m05.0s/2m40.0s

running (1m06.0s), 259/500 VUs, 3215 complete and 0 interrupted iterations
ramping   [  41% ] 259/500 VUs  1m06.0s/2m40.0s

running (1m07.0s), 269/500 VUs, 3265 complete and 0 interrupted iterations
ramping   [  42% ] 269/500 VUs  1m07.0s/2m40.0s

running (1m08.0s), 279/500 VUs, 3315 complete and 0 interrupted iterations
ramping   [  42% ] 279/500 VUs  1m08.0s/2m40.0s

running (1m09.0s), 289/500 VUs, 3365 complete and 0 interrupted iterations
ramping   [  43% ] 289/500 VUs  1m09.0s/2m40.0s

running (1m10.0s), 299/500 VUs, 3415 complete and 0 interrupted iterations
ramping   [  44% ] 299/500 VUs  1m10.0s/2m40.0s

running (1m11.0s), 300/500 VUs, 3465 complete and 0 interrupted iterations
ramping   [  44% ] 300/500 VUs  1m11.0s/2m40.0s

running (1m12.0s), 300/500 VUs, 3515 complete and 0 interrupted iterations
ramping   [  45% ] 300/500 VUs  1m12.0s/2m40.0s

running (1m13.0s), 300/500 VUs, 3565 complete and 0 interrupted iterations
ramping   [  46% ] 300/500 VUs  1m13.0s/2m40.0s

running (1m14.0s), 300/500 VUs, 3615 complete and 0 interrupted iterations
ramping   [  46% ] 300/500 VUs  1m14.0s/2m40.0s

running (1m15.0s), 300/500 VUs, 3665 complete and 0 interrupted iterations
ramping   [  47% ] 300/500 VUs  1m15.0s/2m40.0s

running (1m16.0s), 300/500 VUs, 3715 complete and 0 interrupted iterations
ramping   [  47% ] 300/500 VUs  1m16.0s/2m40.0s

running (1m17.0s), 300/500 VUs, 3765 complete and 0 interrupted iterations
ramping   [  48% ] 300/500 VUs  1m17.0s/2m40.0s

running (1m18.0s), 300/500 VUs, 3815 complete and 0 interrupted iterations
ramping   [  49% ] 300/500 VUs  1m18.0s/2m40.0s

running (1m19.0s), 300/500 VUs, 3865 complete and 0 interrupted iterations
ramping   [  49% ] 300/500 VUs  1m19.0s/2m40.0s

running (1m20.0s), 300/500 VUs, 3915 complete and 0 interrupted iterations
ramping   [  50% ] 300/500 VUs  1m20.0s/2m40.0s

running (1m21.0s), 300/500 VUs, 3965 complete and 0 interrupted iterations
ramping   [  51% ] 300/500 VUs  1m21.0s/2m40.0s

running (1m22.0s), 300/500 VUs, 4015 complete and 0 interrupted iterations
ramping   [  51% ] 300/500 VUs  1m22.0s/2m40.0s

running (1m23.0s), 300/500 VUs, 4065 complete and 0 interrupted iterations
ramping   [  52% ] 300/500 VUs  1m23.0s/2m40.0s

running (1m24.0s), 300/500 VUs, 4115 complete and 0 interrupted iterations
ramping   [  52% ] 300/500 VUs  1m24.0s/2m40.0s

running (1m25.0s), 300/500 VUs, 4165 complete and 0 interrupted iterations
ramping   [  53% ] 300/500 VUs  1m25.0s/2m40.0s

running (1m26.0s), 300/500 VUs, 4215 complete and 0 interrupted iterations
ramping   [  54% ] 300/500 VUs  1m26.0s/2m40.0s

running (1m27.0s), 300/500 VUs, 4265 complete and 0 interrupted iterations
ramping   [  54% ] 300/500 VUs  1m27.0s/2m40.0s

running (1m28.0s), 300/500 VUs, 4315 complete and 0 interrupted iterations
ramping   [  55% ] 300/500 VUs  1m28.0s/2m40.0s

running (1m29.0s), 300/500 VUs, 4365 complete and 0 interrupted iterations
ramping   [  56% ] 300/500 VUs  1m29.0s/2m40.0s

running (1m30.0s), 300/500 VUs, 4415 complete and 0 interrupted iterations
ramping   [  56% ] 300/500 VUs  1m30.0s/2m40.0s

running (1m31.0s), 300/500 VUs, 4465 complete and 0 interrupted iterations
ramping   [  57% ] 300/500 VUs  1m31.0s/2m40.0s

running (1m32.0s), 300/500 VUs, 4515 complete and 0 interrupted iterations
ramping   [  57% ] 300/500 VUs  1m32.0s/2m40.0s

running (1m33.0s), 300/500 VUs, 4565 complete and 0 interrupted iterations
ramping   [  58% ] 300/500 VUs  1m33.0s/2m40.0s

running (1m34.0s), 300/500 VUs, 4615 complete and 0 interrupted iterations
ramping   [  59% ] 300/500 VUs  1m34.0s/2m40.0s

running (1m35.0s), 300/500 VUs, 4665 complete and 0 interrupted iterations
ramping   [  59% ] 300/500 VUs  1m35.0s/2m40.0s

running (1m36.0s), 300/500 VUs, 4715 complete and 0 interrupted iterations
ramping   [  60% ] 300/500 VUs  1m36.0s/2m40.0s

running (1m37.0s), 300/500 VUs, 4765 complete and 0 interrupted iterations
ramping   [  61% ] 300/500 VUs  1m37.0s/2m40.0s

running (1m38.0s), 300/500 VUs, 4805 complete and 0 interrupted iterations
ramping   [  61% ] 300/500 VUs  1m38.0s/2m40.0s

running (1m39.0s), 300/500 VUs, 4855 complete and 0 interrupted iterations
ramping   [  62% ] 300/500 VUs  1m39.0s/2m40.0s

running (1m40.0s), 300/500 VUs, 4905 complete and 0 interrupted iterations
ramping   [  62% ] 300/500 VUs  1m40.0s/2m40.0s

running (1m41.0s), 309/500 VUs, 4955 complete and 0 interrupted iterations
ramping   [  63% ] 309/500 VUs  1m41.0s/2m40.0s

running (1m42.0s), 319/500 VUs, 5005 complete and 0 interrupted iterations
ramping   [  64% ] 319/500 VUs  1m42.0s/2m40.0s

running (1m43.0s), 329/500 VUs, 5055 complete and 0 interrupted iterations
ramping   [  64% ] 329/500 VUs  1m43.0s/2m40.0s

running (1m44.0s), 339/500 VUs, 5105 complete and 0 interrupted iterations
ramping   [  65% ] 339/500 VUs  1m44.0s/2m40.0s

running (1m45.0s), 349/500 VUs, 5155 complete and 0 interrupted iterations
ramping   [  66% ] 349/500 VUs  1m45.0s/2m40.0s

running (1m46.0s), 359/500 VUs, 5205 complete and 0 interrupted iterations
ramping   [  66% ] 359/500 VUs  1m46.0s/2m40.0s

running (1m47.0s), 369/500 VUs, 5255 complete and 0 interrupted iterations
ramping   [  67% ] 369/500 VUs  1m47.0s/2m40.0s

running (1m48.0s), 379/500 VUs, 5305 complete and 0 interrupted iterations
ramping   [  67% ] 379/500 VUs  1m48.0s/2m40.0s

running (1m49.0s), 389/500 VUs, 5355 complete and 0 interrupted iterations
ramping   [  68% ] 389/500 VUs  1m49.0s/2m40.0s

running (1m50.0s), 399/500 VUs, 5405 complete and 0 interrupted iterations
ramping   [  69% ] 399/500 VUs  1m50.0s/2m40.0s

running (1m51.0s), 409/500 VUs, 5455 complete and 0 interrupted iterations
ramping   [  69% ] 409/500 VUs  1m51.0s/2m40.0s

running (1m52.0s), 419/500 VUs, 5505 complete and 0 interrupted iterations
ramping   [  70% ] 419/500 VUs  1m52.0s/2m40.0s

running (1m53.0s), 429/500 VUs, 5555 complete and 0 interrupted iterations
ramping   [  71% ] 429/500 VUs  1m53.0s/2m40.0s

running (1m54.0s), 439/500 VUs, 5605 complete and 0 interrupted iterations
ramping   [  71% ] 439/500 VUs  1m54.0s/2m40.0s

running (1m55.0s), 449/500 VUs, 5655 complete and 0 interrupted iterations
ramping   [  72% ] 449/500 VUs  1m55.0s/2m40.0s

running (1m56.0s), 459/500 VUs, 5705 complete and 0 interrupted iterations
ramping   [  72% ] 459/500 VUs  1m56.0s/2m40.0s

running (1m57.0s), 469/500 VUs, 5755 complete and 0 interrupted iterations
ramping   [  73% ] 469/500 VUs  1m57.0s/2m40.0s

running (1m58.0s), 479/500 VUs, 5805 complete and 0 interrupted iterations
ramping   [  74% ] 479/500 VUs  1m58.0s/2m40.0s

running (1m59.0s), 489/500 VUs, 5855 complete and 0 interrupted iterations
ramping   [  74% ] 489/500 VUs  1m59.0s/2m40.0s

running (2m00.0s), 499/500 VUs, 5905 complete and 0 interrupted iterations
ramping   [  75% ] 499/500 VUs  2m00.0s/2m40.0s

running (2m01.0s), 500/500 VUs, 5955 complete and 0 interrupted iterations
ramping   [  76% ] 500/500 VUs  2m01.0s/2m40.0s

running (2m02.0s), 500/500 VUs, 6005 complete and 0 interrupted iterations
ramping   [  76% ] 500/500 VUs  2m02.0s/2m40.0s

running (2m03.0s), 500/500 VUs, 6055 complete and 0 interrupted iterations
ramping   [  77% ] 500/500 VUs  2m03.0s/2m40.0s

running (2m04.0s), 500/500 VUs, 6105 complete and 0 interrupted iterations
ramping   [  77% ] 500/500 VUs  2m04.0s/2m40.0s

running (2m05.0s), 500/500 VUs, 6155 complete and 0 interrupted iterations
ramping   [  78% ] 500/500 VUs  2m05.0s/2m40.0s

running (2m06.0s), 500/500 VUs, 6205 complete and 0 interrupted iterations
ramping   [  79% ] 500/500 VUs  2m06.0s/2m40.0s

running (2m07.0s), 500/500 VUs, 6255 complete and 0 interrupted iterations
ramping   [  79% ] 500/500 VUs  2m07.0s/2m40.0s

running (2m08.0s), 500/500 VUs, 6305 complete and 0 interrupted iterations
ramping   [  80% ] 500/500 VUs  2m08.0s/2m40.0s

running (2m09.0s), 500/500 VUs, 6355 complete and 0 interrupted iterations
ramping   [  81% ] 500/500 VUs  2m09.0s/2m40.0s

running (2m10.0s), 500/500 VUs, 6405 complete and 0 interrupted iterations
ramping   [  81% ] 500/500 VUs  2m10.0s/2m40.0s

running (2m11.0s), 500/500 VUs, 6455 complete and 0 interrupted iterations
ramping   [  82% ] 500/500 VUs  2m11.0s/2m40.0s

running (2m12.0s), 500/500 VUs, 6495 complete and 0 interrupted iterations
ramping   [  82% ] 500/500 VUs  2m12.0s/2m40.0s

running (2m13.0s), 500/500 VUs, 6545 complete and 0 interrupted iterations
ramping   [  83% ] 500/500 VUs  2m13.0s/2m40.0s

running (2m14.0s), 500/500 VUs, 6595 complete and 0 interrupted iterations
ramping   [  84% ] 500/500 VUs  2m14.0s/2m40.0s

running (2m15.0s), 500/500 VUs, 6645 complete and 0 interrupted iterations
ramping   [  84% ] 500/500 VUs  2m15.0s/2m40.0s

running (2m16.0s), 500/500 VUs, 6695 complete and 0 interrupted iterations
ramping   [  85% ] 500/500 VUs  2m16.0s/2m40.0s

running (2m17.0s), 500/500 VUs, 6745 complete and 0 interrupted iterations
ramping   [  86% ] 500/500 VUs  2m17.0s/2m40.0s

running (2m18.0s), 500/500 VUs, 6795 complete and 0 interrupted iterations
ramping   [  86% ] 500/500 VUs  2m18.0s/2m40.0s

running (2m19.0s), 500/500 VUs, 6845 complete and 0 interrupted iterations
ramping   [  87% ] 500/500 VUs  2m19.0s/2m40.0s

running (2m20.0s), 500/500 VUs, 6895 complete and 0 interrupted iterations
ramping   [  87% ] 500/500 VUs  2m20.0s/2m40.0s

running (2m21.0s), 500/500 VUs, 6945 complete and 0 interrupted iterations
ramping   [  88% ] 500/500 VUs  2m21.0s/2m40.0s

running (2m22.0s), 500/500 VUs, 6995 complete and 0 interrupted iterations
ramping   [  89% ] 500/500 VUs  2m22.0s/2m40.0s

running (2m23.0s), 500/500 VUs, 7045 complete and 0 interrupted iterations
ramping   [  89% ] 500/500 VUs  2m23.0s/2m40.0s

running (2m24.0s), 500/500 VUs, 7095 complete and 0 interrupted iterations
ramping   [  90% ] 500/500 VUs  2m24.0s/2m40.0s

running (2m25.0s), 500/500 VUs, 7145 complete and 0 interrupted iterations
ramping   [  91% ] 500/500 VUs  2m25.0s/2m40.0s

running (2m26.0s), 500/500 VUs, 7195 complete and 0 interrupted iterations
ramping   [  91% ] 500/500 VUs  2m26.0s/2m40.0s

running (2m27.0s), 500/500 VUs, 7245 complete and 0 interrupted iterations
ramping   [  92% ] 500/500 VUs  2m27.0s/2m40.0s

running (2m28.0s), 500/500 VUs, 7295 complete and 0 interrupted iterations
ramping   [  92% ] 500/500 VUs  2m28.0s/2m40.0s

running (2m29.0s), 500/500 VUs, 7345 complete and 0 interrupted iterations
ramping   [  93% ] 500/500 VUs  2m29.0s/2m40.0s

running (2m30.0s), 500/500 VUs, 7395 complete and 0 interrupted iterations
ramping   [  94% ] 500/500 VUs  2m30.0s/2m40.0s

running (2m31.0s), 498/500 VUs, 7445 complete and 0 interrupted iterations
ramping   [  94% ] 498/500 VUs  2m31.0s/2m40.0s

running (2m32.0s), 494/500 VUs, 7495 complete and 0 interrupted iterations
ramping   [  95% ] 494/500 VUs  2m32.0s/2m40.0s

running (2m33.0s), 482/500 VUs, 7545 complete and 0 interrupted iterations
ramping   [  96% ] 482/500 VUs  2m33.0s/2m40.0s

running (2m34.0s), 467/500 VUs, 7595 complete and 0 interrupted iterations
ramping   [  96% ] 467/500 VUs  2m34.0s/2m40.0s

running (2m35.0s), 445/500 VUs, 7645 complete and 0 interrupted iterations
ramping   [  97% ] 445/500 VUs  2m35.0s/2m40.0s

running (2m36.0s), 384/500 VUs, 7693 complete and 36 interrupted iterations
ramping   [  97% ] 384/500 VUs  2m36.0s/2m40.0s

running (2m37.0s), 334/500 VUs, 7735 complete and 60 interrupted iterations
ramping   [  98% ] 334/500 VUs  2m37.0s/2m40.0s

running (2m38.0s), 290/500 VUs, 7771 complete and 80 interrupted iterations
ramping   [  99% ] 290/500 VUs  2m38.0s/2m40.0s

running (2m39.0s), 247/500 VUs, 7797 complete and 105 interrupted iterations
ramping   [  99% ] 247/500 VUs  2m39.0s/2m40.0s

running (2m40.0s), 192/500 VUs, 7824 complete and 134 interrupted iterations
ramping   [ 100% ] 192/500 VUs  2m40.0s/2m40.0s

running (2m41.0s), 134/500 VUs, 7851 complete and 165 interrupted iterations
ramping ↓ [ 100% ] 191/500 VUs  2m40s

running (2m42.0s), 098/500 VUs, 7867 complete and 185 interrupted iterations
ramping ↓ [ 100% ] 191/500 VUs  2m40s

running (2m43.0s), 053/500 VUs, 7886 complete and 211 interrupted iterations
ramping ↓ [ 100% ] 191/500 VUs  2m40s

running (2m44.0s), 022/500 VUs, 7897 complete and 231 interrupted iterations
ramping ↓ [ 100% ] 191/500 VUs  2m40s

running (2m45.0s), 001/500 VUs, 7903 complete and 246 interrupted iterations
ramping ↓ [ 100% ] 191/500 VUs  2m40s


  █ THRESHOLDS 

    http_req_failed
    ✓ 'rate<0.05' rate=0.00%


  █ TOTAL RESULTS 

    checks_total.......: 7904    47.912477/s
    checks_succeeded...: 100.00% 7904 out of 7904
    checks_failed......: 0.00%   0 out of 7904

    ✓ status is 200

    HTTP
    http_req_duration..............: avg=5.38s min=200.53ms med=6.03s max=10.06s p(90)=10.06s p(95)=10.06s
      { expected_response:true }...: avg=5.38s min=200.53ms med=6.03s max=10.06s p(90)=10.06s p(95)=10.06s
    http_req_failed................: 0.00%  0 out of 7904
    http_reqs......................: 7904   47.912477/s

    EXECUTION
    iteration_duration.............: avg=5.38s min=200.61ms med=6.03s max=10.06s p(90)=10.06s p(95)=10.06s
    iterations.....................: 7904   47.912477/s
    vus............................: 1      min=1         max=500
    vus_max........................: 500    min=500       max=500

    NETWORK
    data_received..................: 814 kB 4.9 kB/s
    data_sent......................: 587 kB 3.6 kB/s




running (2m45.0s), 000/500 VUs, 7904 complete and 246 interrupted iterations
ramping ✓ [ 100% ] 000/500 VUs  2m40s
